!SESSION 2025-03-20 14:34:06.935 -----------------------------------------------
eclipse.buildId=4.34.0.20241128-0756
java.version=23.0.1
java.vendor=Eclipse Adoptium
BootLoader constants: OS=win32, ARCH=x86_64, WS=win32, NL=en_GB
Framework arguments:  -product org.eclipse.epp.package.java.product
Command-line arguments:  -os win32 -ws win32 -arch x86_64 -product org.eclipse.epp.package.java.product

!ENTRY ch.qos.logback.classic 1 0 2025-03-20 14:34:10.560
!MESSAGE Activated before the state location was initialized. Retry after the state location is initialized.

!ENTRY ch.qos.logback.classic 1 0 2025-03-20 14:36:05.098
!MESSAGE Logback config file: C:\Users\saphi\OneDrive\comp_sci_year_1\term_2\programming\GIT_COMP1009JAVA\cw2cd\.metadata\.plugins\org.eclipse.m2e.logback\logback.2.7.0.20241001-1350.xml

!ENTRY org.eclipse.egit.ui 2 0 2025-03-20 14:36:12.007
!MESSAGE Warning: The environment variable HOME is not set. The following directory will be used to store the Git
user global configuration and to define the default location to store repositories: 'C:\Users\saphi'. If this is
not correct please set the HOME environment variable and restart Eclipse. Otherwise Git for Windows and
EGit might behave differently since they see different configuration options.
This warning can be switched off on the Team > Git > Confirmations and Warnings preference page.
!SESSION 2025-03-22 12:58:54.785 -----------------------------------------------
eclipse.buildId=4.34.0.20241128-0756
java.version=23.0.1
java.vendor=Eclipse Adoptium
BootLoader constants: OS=win32, ARCH=x86_64, WS=win32, NL=en_GB
Framework arguments:  -product org.eclipse.epp.package.java.product
Command-line arguments:  -os win32 -ws win32 -arch x86_64 -product org.eclipse.epp.package.java.product

!ENTRY ch.qos.logback.classic 1 0 2025-03-22 12:58:56.743
!MESSAGE Activated before the state location was initialized. Retry after the state location is initialized.

!ENTRY ch.qos.logback.classic 1 0 2025-03-22 13:00:33.812
!MESSAGE Logback config file: C:\Users\saphi\OneDrive\comp_sci_year_1\term_2\programming\GIT_COMP1009JAVA\cw2cd\.metadata\.plugins\org.eclipse.m2e.logback\logback.2.7.0.20241001-1350.xml

!ENTRY org.eclipse.egit.ui 2 0 2025-03-22 13:00:38.929
!MESSAGE Warning: The environment variable HOME is not set. The following directory will be used to store the Git
user global configuration and to define the default location to store repositories: 'C:\Users\saphi'. If this is
not correct please set the HOME environment variable and restart Eclipse. Otherwise Git for Windows and
EGit might behave differently since they see different configuration options.
This warning can be switched off on the Team > Git > Confirmations and Warnings preference page.

!ENTRY org.eclipse.jdt.core.manipulation 4 2 2025-03-22 13:05:59.739
!MESSAGE Problems occurred when invoking code from plug-in: "org.eclipse.jdt.core.manipulation".
!STACK 0
java.lang.IllegalStateException: Missing system library
	at org.eclipse.jdt.core.dom.ASTParser.checkForSystemLibrary(ASTParser.java:311)
	at org.eclipse.jdt.core.dom.ASTParser.getClasspath(ASTParser.java:272)
	at org.eclipse.jdt.core.dom.ASTParser.internalCreateASTCached(ASTParser.java:1299)
	at org.eclipse.jdt.core.dom.ASTParser.lambda$1(ASTParser.java:1178)
	at org.eclipse.jdt.internal.core.JavaModelManager.cacheZipFiles(JavaModelManager.java:5694)
	at org.eclipse.jdt.core.dom.ASTParser.internalCreateAST(ASTParser.java:1178)
	at org.eclipse.jdt.core.dom.ASTParser.createAST(ASTParser.java:918)
	at org.eclipse.jdt.core.manipulation.CoreASTProvider$1.run(CoreASTProvider.java:294)
	at org.eclipse.core.runtime.SafeRunner.run(SafeRunner.java:47)
	at org.eclipse.jdt.core.manipulation.CoreASTProvider.createAST(CoreASTProvider.java:286)
	at org.eclipse.jdt.core.manipulation.CoreASTProvider.getAST(CoreASTProvider.java:199)
	at org.eclipse.jdt.core.manipulation.SharedASTProviderCore.getAST(SharedASTProviderCore.java:138)
	at org.eclipse.jdt.internal.ui.viewsupport.SelectionListenerWithASTManager$PartListenerGroup.calculateASTandInform(SelectionListenerWithASTManager.java:167)
	at org.eclipse.jdt.internal.ui.viewsupport.SelectionListenerWithASTManager$PartListenerGroup$1.lambda$0(SelectionListenerWithASTManager.java:149)
	at org.eclipse.jdt.internal.core.JavaModelManager.cacheZipFiles(JavaModelManager.java:5694)
	at org.eclipse.jdt.internal.core.JavaModelManager.callReadOnly(JavaModelManager.java:5683)
	at org.eclipse.jdt.core.JavaCore.callReadOnly(JavaCore.java:6150)
	at org.eclipse.jdt.internal.ui.viewsupport.SelectionListenerWithASTManager$PartListenerGroup$1.run(SelectionListenerWithASTManager.java:149)
	at org.eclipse.core.internal.jobs.Worker.run(Worker.java:63)

!ENTRY org.eclipse.jdt.core.manipulation 4 0 2025-03-22 13:05:59.742
!MESSAGE Error in JDT Core during AST creation
!STACK 0
java.lang.IllegalStateException: Missing system library
	at org.eclipse.jdt.core.dom.ASTParser.checkForSystemLibrary(ASTParser.java:311)
	at org.eclipse.jdt.core.dom.ASTParser.getClasspath(ASTParser.java:272)
	at org.eclipse.jdt.core.dom.ASTParser.internalCreateASTCached(ASTParser.java:1299)
	at org.eclipse.jdt.core.dom.ASTParser.lambda$1(ASTParser.java:1178)
	at org.eclipse.jdt.internal.core.JavaModelManager.cacheZipFiles(JavaModelManager.java:5694)
	at org.eclipse.jdt.core.dom.ASTParser.internalCreateAST(ASTParser.java:1178)
	at org.eclipse.jdt.core.dom.ASTParser.createAST(ASTParser.java:918)
	at org.eclipse.jdt.core.manipulation.CoreASTProvider$1.run(CoreASTProvider.java:294)
	at org.eclipse.core.runtime.SafeRunner.run(SafeRunner.java:47)
	at org.eclipse.jdt.core.manipulation.CoreASTProvider.createAST(CoreASTProvider.java:286)
	at org.eclipse.jdt.core.manipulation.CoreASTProvider.getAST(CoreASTProvider.java:199)
	at org.eclipse.jdt.core.manipulation.SharedASTProviderCore.getAST(SharedASTProviderCore.java:138)
	at org.eclipse.jdt.internal.ui.viewsupport.SelectionListenerWithASTManager$PartListenerGroup.calculateASTandInform(SelectionListenerWithASTManager.java:167)
	at org.eclipse.jdt.internal.ui.viewsupport.SelectionListenerWithASTManager$PartListenerGroup$1.lambda$0(SelectionListenerWithASTManager.java:149)
	at org.eclipse.jdt.internal.core.JavaModelManager.cacheZipFiles(JavaModelManager.java:5694)
	at org.eclipse.jdt.internal.core.JavaModelManager.callReadOnly(JavaModelManager.java:5683)
	at org.eclipse.jdt.core.JavaCore.callReadOnly(JavaCore.java:6150)
	at org.eclipse.jdt.internal.ui.viewsupport.SelectionListenerWithASTManager$PartListenerGroup$1.run(SelectionListenerWithASTManager.java:149)
	at org.eclipse.core.internal.jobs.Worker.run(Worker.java:63)

!ENTRY org.eclipse.ltk.ui.refactoring 4 10000 2025-03-22 13:16:02.204
!MESSAGE Internal Error
!STACK 1
org.eclipse.core.internal.resources.ResourceException: Problems encountered while deleting resources.
	at org.eclipse.core.internal.resources.Resource.delete(Resource.java:816)
	at org.eclipse.core.internal.resources.Project.delete(Project.java:359)
	at org.eclipse.ltk.core.refactoring.resource.DeleteResourceChange.perform(DeleteResourceChange.java:150)
	at org.eclipse.ltk.core.refactoring.CompositeChange.perform(CompositeChange.java:278)
	at org.eclipse.ltk.core.refactoring.CompositeChange.perform(CompositeChange.java:278)
	at org.eclipse.ltk.core.refactoring.PerformChangeOperation.lambda$0(PerformChangeOperation.java:247)
	at org.eclipse.core.internal.resources.Workspace.run(Workspace.java:2457)
	at org.eclipse.core.internal.resources.Workspace.run(Workspace.java:2482)
	at org.eclipse.ltk.core.refactoring.PerformChangeOperation.executeChange(PerformChangeOperation.java:284)
	at org.eclipse.ltk.internal.ui.refactoring.UIPerformChangeOperation.executeChange(UIPerformChangeOperation.java:94)
	at org.eclipse.ltk.core.refactoring.PerformChangeOperation.run(PerformChangeOperation.java:210)
	at org.eclipse.core.internal.resources.Workspace.run(Workspace.java:2457)
	at org.eclipse.core.internal.resources.Workspace.run(Workspace.java:2482)
	at org.eclipse.ltk.internal.ui.refactoring.WorkbenchRunnableAdapter.run(WorkbenchRunnableAdapter.java:89)
	at org.eclipse.jface.operation.ModalContext$ModalContextThread.run(ModalContext.java:124)
Contains: Error deleting resource '/GUIView' from the workspace tree.
org.eclipse.core.internal.resources.ResourceException(/GUIView)[569]: java.lang.Exception: Could not delete metadata for '/GUIView'.
	at org.eclipse.core.internal.resources.ResourceException.provideStackTrace(ResourceException.java:42)
	at org.eclipse.core.internal.resources.ResourceException.<init>(ResourceException.java:38)
	at org.eclipse.core.internal.resources.LocalMetaArea.delete(LocalMetaArea.java:121)
	at org.eclipse.core.internal.resources.Project.deleteResource(Project.java:374)
	at org.eclipse.core.internal.resources.ResourceTree.deletedProject(ResourceTree.java:179)
	at org.eclipse.core.internal.resources.ResourceTree.standardDeleteProject(ResourceTree.java:889)
	at org.eclipse.core.internal.resources.Resource.unprotectedDelete(Resource.java:1834)
	at org.eclipse.core.internal.resources.Resource.delete(Resource.java:803)
	at org.eclipse.core.internal.resources.Project.delete(Project.java:359)
	at org.eclipse.ltk.core.refactoring.resource.DeleteResourceChange.perform(DeleteResourceChange.java:150)
	at org.eclipse.ltk.core.refactoring.CompositeChange.perform(CompositeChange.java:278)
	at org.eclipse.ltk.core.refactoring.CompositeChange.perform(CompositeChange.java:278)
	at org.eclipse.ltk.core.refactoring.PerformChangeOperation.lambda$0(PerformChangeOperation.java:247)
	at org.eclipse.core.internal.resources.Workspace.run(Workspace.java:2457)
	at org.eclipse.core.internal.resources.Workspace.run(Workspace.java:2482)
	at org.eclipse.ltk.core.refactoring.PerformChangeOperation.executeChange(PerformChangeOperation.java:284)
	at org.eclipse.ltk.internal.ui.refactoring.UIPerformChangeOperation.executeChange(UIPerformChangeOperation.java:94)
	at org.eclipse.ltk.core.refactoring.PerformChangeOperation.run(PerformChangeOperation.java:210)
	at org.eclipse.core.internal.resources.Workspace.run(Workspace.java:2457)
	at org.eclipse.core.internal.resources.Workspace.run(Workspace.java:2482)
	at org.eclipse.ltk.internal.ui.refactoring.WorkbenchRunnableAdapter.run(WorkbenchRunnableAdapter.java:89)
	at org.eclipse.jface.operation.ModalContext$ModalContextThread.run(ModalContext.java:124)
!SUBENTRY 1 org.eclipse.core.resources 1 273 2025-03-22 13:16:02.207
!MESSAGE Problems encountered while deleting resources.
!SUBENTRY 2 org.eclipse.core.resources 1 4 2025-03-22 13:16:02.207
!MESSAGE Error deleting resource '/GUIView' from the workspace tree.
!STACK 1
org.eclipse.core.internal.resources.ResourceException(/GUIView)[569]: java.lang.Exception: Could not delete metadata for '/GUIView'.
	at org.eclipse.core.internal.resources.ResourceException.provideStackTrace(ResourceException.java:42)
	at org.eclipse.core.internal.resources.ResourceException.<init>(ResourceException.java:38)
	at org.eclipse.core.internal.resources.LocalMetaArea.delete(LocalMetaArea.java:121)
	at org.eclipse.core.internal.resources.Project.deleteResource(Project.java:374)
	at org.eclipse.core.internal.resources.ResourceTree.deletedProject(ResourceTree.java:179)
	at org.eclipse.core.internal.resources.ResourceTree.standardDeleteProject(ResourceTree.java:889)
	at org.eclipse.core.internal.resources.Resource.unprotectedDelete(Resource.java:1834)
	at org.eclipse.core.internal.resources.Resource.delete(Resource.java:803)
	at org.eclipse.core.internal.resources.Project.delete(Project.java:359)
	at org.eclipse.ltk.core.refactoring.resource.DeleteResourceChange.perform(DeleteResourceChange.java:150)
	at org.eclipse.ltk.core.refactoring.CompositeChange.perform(CompositeChange.java:278)
	at org.eclipse.ltk.core.refactoring.CompositeChange.perform(CompositeChange.java:278)
	at org.eclipse.ltk.core.refactoring.PerformChangeOperation.lambda$0(PerformChangeOperation.java:247)
	at org.eclipse.core.internal.resources.Workspace.run(Workspace.java:2457)
	at org.eclipse.core.internal.resources.Workspace.run(Workspace.java:2482)
	at org.eclipse.ltk.core.refactoring.PerformChangeOperation.executeChange(PerformChangeOperation.java:284)
	at org.eclipse.ltk.internal.ui.refactoring.UIPerformChangeOperation.executeChange(UIPerformChangeOperation.java:94)
	at org.eclipse.ltk.core.refactoring.PerformChangeOperation.run(PerformChangeOperation.java:210)
	at org.eclipse.core.internal.resources.Workspace.run(Workspace.java:2457)
	at org.eclipse.core.internal.resources.Workspace.run(Workspace.java:2482)
	at org.eclipse.ltk.internal.ui.refactoring.WorkbenchRunnableAdapter.run(WorkbenchRunnableAdapter.java:89)
	at org.eclipse.jface.operation.ModalContext$ModalContextThread.run(ModalContext.java:124)
!SUBENTRY 3 org.eclipse.core.resources 4 569 2025-03-22 13:16:02.207
!MESSAGE Could not delete metadata for '/GUIView'.
!STACK 0
java.lang.Exception: Could not delete metadata for '/GUIView'.
	at org.eclipse.core.internal.resources.ResourceException.provideStackTrace(ResourceException.java:42)
	at org.eclipse.core.internal.resources.ResourceException.<init>(ResourceException.java:38)
	at org.eclipse.core.internal.resources.LocalMetaArea.delete(LocalMetaArea.java:121)
	at org.eclipse.core.internal.resources.Project.deleteResource(Project.java:374)
	at org.eclipse.core.internal.resources.ResourceTree.deletedProject(ResourceTree.java:179)
	at org.eclipse.core.internal.resources.ResourceTree.standardDeleteProject(ResourceTree.java:889)
	at org.eclipse.core.internal.resources.Resource.unprotectedDelete(Resource.java:1834)
	at org.eclipse.core.internal.resources.Resource.delete(Resource.java:803)
	at org.eclipse.core.internal.resources.Project.delete(Project.java:359)
	at org.eclipse.ltk.core.refactoring.resource.DeleteResourceChange.perform(DeleteResourceChange.java:150)
	at org.eclipse.ltk.core.refactoring.CompositeChange.perform(CompositeChange.java:278)
	at org.eclipse.ltk.core.refactoring.CompositeChange.perform(CompositeChange.java:278)
	at org.eclipse.ltk.core.refactoring.PerformChangeOperation.lambda$0(PerformChangeOperation.java:247)
	at org.eclipse.core.internal.resources.Workspace.run(Workspace.java:2457)
	at org.eclipse.core.internal.resources.Workspace.run(Workspace.java:2482)
	at org.eclipse.ltk.core.refactoring.PerformChangeOperation.executeChange(PerformChangeOperation.java:284)
	at org.eclipse.ltk.internal.ui.refactoring.UIPerformChangeOperation.executeChange(UIPerformChangeOperation.java:94)
	at org.eclipse.ltk.core.refactoring.PerformChangeOperation.run(PerformChangeOperation.java:210)
	at org.eclipse.core.internal.resources.Workspace.run(Workspace.java:2457)
	at org.eclipse.core.internal.resources.Workspace.run(Workspace.java:2482)
	at org.eclipse.ltk.internal.ui.refactoring.WorkbenchRunnableAdapter.run(WorkbenchRunnableAdapter.java:89)
	at org.eclipse.jface.operation.ModalContext$ModalContextThread.run(ModalContext.java:124)

!ENTRY org.eclipse.jdt.core.manipulation 4 2 2025-03-22 13:34:10.219
!MESSAGE Problems occurred when invoking code from plug-in: "org.eclipse.jdt.core.manipulation".
!STACK 0
java.lang.IllegalStateException: Missing system library
	at org.eclipse.jdt.core.dom.ASTParser.checkForSystemLibrary(ASTParser.java:311)
	at org.eclipse.jdt.core.dom.ASTParser.getClasspath(ASTParser.java:272)
	at org.eclipse.jdt.core.dom.ASTParser.internalCreateASTCached(ASTParser.java:1299)
	at org.eclipse.jdt.core.dom.ASTParser.lambda$1(ASTParser.java:1178)
	at org.eclipse.jdt.internal.core.JavaModelManager.cacheZipFiles(JavaModelManager.java:5694)
	at org.eclipse.jdt.core.dom.ASTParser.internalCreateAST(ASTParser.java:1178)
	at org.eclipse.jdt.core.dom.ASTParser.createAST(ASTParser.java:918)
	at org.eclipse.jdt.core.manipulation.CoreASTProvider$1.run(CoreASTProvider.java:294)
	at org.eclipse.core.runtime.SafeRunner.run(SafeRunner.java:47)
	at org.eclipse.jdt.core.manipulation.CoreASTProvider.createAST(CoreASTProvider.java:286)
	at org.eclipse.jdt.core.manipulation.CoreASTProvider.getAST(CoreASTProvider.java:199)
	at org.eclipse.jdt.core.manipulation.SharedASTProviderCore.getAST(SharedASTProviderCore.java:138)
	at org.eclipse.jdt.internal.ui.viewsupport.SelectionListenerWithASTManager$PartListenerGroup.calculateASTandInform(SelectionListenerWithASTManager.java:167)
	at org.eclipse.jdt.internal.ui.viewsupport.SelectionListenerWithASTManager$PartListenerGroup$1.lambda$0(SelectionListenerWithASTManager.java:149)
	at org.eclipse.jdt.internal.core.JavaModelManager.cacheZipFiles(JavaModelManager.java:5694)
	at org.eclipse.jdt.internal.core.JavaModelManager.callReadOnly(JavaModelManager.java:5683)
	at org.eclipse.jdt.core.JavaCore.callReadOnly(JavaCore.java:6150)
	at org.eclipse.jdt.internal.ui.viewsupport.SelectionListenerWithASTManager$PartListenerGroup$1.run(SelectionListenerWithASTManager.java:149)
	at org.eclipse.core.internal.jobs.Worker.run(Worker.java:63)

!ENTRY org.eclipse.jdt.core.manipulation 4 0 2025-03-22 13:34:10.219
!MESSAGE Error in JDT Core during AST creation
!STACK 0
java.lang.IllegalStateException: Missing system library
	at org.eclipse.jdt.core.dom.ASTParser.checkForSystemLibrary(ASTParser.java:311)
	at org.eclipse.jdt.core.dom.ASTParser.getClasspath(ASTParser.java:272)
	at org.eclipse.jdt.core.dom.ASTParser.internalCreateASTCached(ASTParser.java:1299)
	at org.eclipse.jdt.core.dom.ASTParser.lambda$1(ASTParser.java:1178)
	at org.eclipse.jdt.internal.core.JavaModelManager.cacheZipFiles(JavaModelManager.java:5694)
	at org.eclipse.jdt.core.dom.ASTParser.internalCreateAST(ASTParser.java:1178)
	at org.eclipse.jdt.core.dom.ASTParser.createAST(ASTParser.java:918)
	at org.eclipse.jdt.core.manipulation.CoreASTProvider$1.run(CoreASTProvider.java:294)
	at org.eclipse.core.runtime.SafeRunner.run(SafeRunner.java:47)
	at org.eclipse.jdt.core.manipulation.CoreASTProvider.createAST(CoreASTProvider.java:286)
	at org.eclipse.jdt.core.manipulation.CoreASTProvider.getAST(CoreASTProvider.java:199)
	at org.eclipse.jdt.core.manipulation.SharedASTProviderCore.getAST(SharedASTProviderCore.java:138)
	at org.eclipse.jdt.internal.ui.viewsupport.SelectionListenerWithASTManager$PartListenerGroup.calculateASTandInform(SelectionListenerWithASTManager.java:167)
	at org.eclipse.jdt.internal.ui.viewsupport.SelectionListenerWithASTManager$PartListenerGroup$1.lambda$0(SelectionListenerWithASTManager.java:149)
	at org.eclipse.jdt.internal.core.JavaModelManager.cacheZipFiles(JavaModelManager.java:5694)
	at org.eclipse.jdt.internal.core.JavaModelManager.callReadOnly(JavaModelManager.java:5683)
	at org.eclipse.jdt.core.JavaCore.callReadOnly(JavaCore.java:6150)
	at org.eclipse.jdt.internal.ui.viewsupport.SelectionListenerWithASTManager$PartListenerGroup$1.run(SelectionListenerWithASTManager.java:149)
	at org.eclipse.core.internal.jobs.Worker.run(Worker.java:63)

!ENTRY org.eclipse.jdt.core.manipulation 4 2 2025-03-22 13:34:18.365
!MESSAGE Problems occurred when invoking code from plug-in: "org.eclipse.jdt.core.manipulation".
!STACK 0
java.lang.IllegalStateException: Missing system library
	at org.eclipse.jdt.core.dom.ASTParser.checkForSystemLibrary(ASTParser.java:311)
	at org.eclipse.jdt.core.dom.ASTParser.getClasspath(ASTParser.java:272)
	at org.eclipse.jdt.core.dom.ASTParser.internalCreateASTCached(ASTParser.java:1299)
	at org.eclipse.jdt.core.dom.ASTParser.lambda$1(ASTParser.java:1178)
	at org.eclipse.jdt.internal.core.JavaModelManager.cacheZipFiles(JavaModelManager.java:5694)
	at org.eclipse.jdt.core.dom.ASTParser.internalCreateAST(ASTParser.java:1178)
	at org.eclipse.jdt.core.dom.ASTParser.createAST(ASTParser.java:918)
	at org.eclipse.jdt.core.manipulation.CoreASTProvider$1.run(CoreASTProvider.java:294)
	at org.eclipse.core.runtime.SafeRunner.run(SafeRunner.java:47)
	at org.eclipse.jdt.core.manipulation.CoreASTProvider.createAST(CoreASTProvider.java:286)
	at org.eclipse.jdt.core.manipulation.CoreASTProvider.getAST(CoreASTProvider.java:199)
	at org.eclipse.jdt.core.manipulation.SharedASTProviderCore.getAST(SharedASTProviderCore.java:138)
	at org.eclipse.jdt.internal.ui.viewsupport.SelectionListenerWithASTManager$PartListenerGroup.calculateASTandInform(SelectionListenerWithASTManager.java:167)
	at org.eclipse.jdt.internal.ui.viewsupport.SelectionListenerWithASTManager$PartListenerGroup$1.lambda$0(SelectionListenerWithASTManager.java:149)
	at org.eclipse.jdt.internal.core.JavaModelManager.cacheZipFiles(JavaModelManager.java:5694)
	at org.eclipse.jdt.internal.core.JavaModelManager.callReadOnly(JavaModelManager.java:5683)
	at org.eclipse.jdt.core.JavaCore.callReadOnly(JavaCore.java:6150)
	at org.eclipse.jdt.internal.ui.viewsupport.SelectionListenerWithASTManager$PartListenerGroup$1.run(SelectionListenerWithASTManager.java:149)
	at org.eclipse.core.internal.jobs.Worker.run(Worker.java:63)

!ENTRY org.eclipse.jdt.core.manipulation 4 0 2025-03-22 13:34:18.366
!MESSAGE Error in JDT Core during AST creation
!STACK 0
java.lang.IllegalStateException: Missing system library
	at org.eclipse.jdt.core.dom.ASTParser.checkForSystemLibrary(ASTParser.java:311)
	at org.eclipse.jdt.core.dom.ASTParser.getClasspath(ASTParser.java:272)
	at org.eclipse.jdt.core.dom.ASTParser.internalCreateASTCached(ASTParser.java:1299)
	at org.eclipse.jdt.core.dom.ASTParser.lambda$1(ASTParser.java:1178)
	at org.eclipse.jdt.internal.core.JavaModelManager.cacheZipFiles(JavaModelManager.java:5694)
	at org.eclipse.jdt.core.dom.ASTParser.internalCreateAST(ASTParser.java:1178)
	at org.eclipse.jdt.core.dom.ASTParser.createAST(ASTParser.java:918)
	at org.eclipse.jdt.core.manipulation.CoreASTProvider$1.run(CoreASTProvider.java:294)
	at org.eclipse.core.runtime.SafeRunner.run(SafeRunner.java:47)
	at org.eclipse.jdt.core.manipulation.CoreASTProvider.createAST(CoreASTProvider.java:286)
	at org.eclipse.jdt.core.manipulation.CoreASTProvider.getAST(CoreASTProvider.java:199)
	at org.eclipse.jdt.core.manipulation.SharedASTProviderCore.getAST(SharedASTProviderCore.java:138)
	at org.eclipse.jdt.internal.ui.viewsupport.SelectionListenerWithASTManager$PartListenerGroup.calculateASTandInform(SelectionListenerWithASTManager.java:167)
	at org.eclipse.jdt.internal.ui.viewsupport.SelectionListenerWithASTManager$PartListenerGroup$1.lambda$0(SelectionListenerWithASTManager.java:149)
	at org.eclipse.jdt.internal.core.JavaModelManager.cacheZipFiles(JavaModelManager.java:5694)
	at org.eclipse.jdt.internal.core.JavaModelManager.callReadOnly(JavaModelManager.java:5683)
	at org.eclipse.jdt.core.JavaCore.callReadOnly(JavaCore.java:6150)
	at org.eclipse.jdt.internal.ui.viewsupport.SelectionListenerWithASTManager$PartListenerGroup$1.run(SelectionListenerWithASTManager.java:149)
	at org.eclipse.core.internal.jobs.Worker.run(Worker.java:63)

!ENTRY org.eclipse.jdt.core.manipulation 4 2 2025-03-22 13:34:25.819
!MESSAGE Problems occurred when invoking code from plug-in: "org.eclipse.jdt.core.manipulation".
!STACK 0
java.lang.IllegalStateException: Missing system library
	at org.eclipse.jdt.core.dom.ASTParser.checkForSystemLibrary(ASTParser.java:311)
	at org.eclipse.jdt.core.dom.ASTParser.getClasspath(ASTParser.java:272)
	at org.eclipse.jdt.core.dom.ASTParser.internalCreateASTCached(ASTParser.java:1299)
	at org.eclipse.jdt.core.dom.ASTParser.lambda$1(ASTParser.java:1178)
	at org.eclipse.jdt.internal.core.JavaModelManager.cacheZipFiles(JavaModelManager.java:5694)
	at org.eclipse.jdt.core.dom.ASTParser.internalCreateAST(ASTParser.java:1178)
	at org.eclipse.jdt.core.dom.ASTParser.createAST(ASTParser.java:918)
	at org.eclipse.jdt.core.manipulation.CoreASTProvider$1.run(CoreASTProvider.java:294)
	at org.eclipse.core.runtime.SafeRunner.run(SafeRunner.java:47)
	at org.eclipse.jdt.core.manipulation.CoreASTProvider.createAST(CoreASTProvider.java:286)
	at org.eclipse.jdt.core.manipulation.CoreASTProvider.getAST(CoreASTProvider.java:199)
	at org.eclipse.jdt.core.manipulation.SharedASTProviderCore.getAST(SharedASTProviderCore.java:138)
	at org.eclipse.jdt.internal.ui.viewsupport.SelectionListenerWithASTManager$PartListenerGroup.calculateASTandInform(SelectionListenerWithASTManager.java:167)
	at org.eclipse.jdt.internal.ui.viewsupport.SelectionListenerWithASTManager$PartListenerGroup$1.lambda$0(SelectionListenerWithASTManager.java:149)
	at org.eclipse.jdt.internal.core.JavaModelManager.cacheZipFiles(JavaModelManager.java:5694)
	at org.eclipse.jdt.internal.core.JavaModelManager.callReadOnly(JavaModelManager.java:5683)
	at org.eclipse.jdt.core.JavaCore.callReadOnly(JavaCore.java:6150)
	at org.eclipse.jdt.internal.ui.viewsupport.SelectionListenerWithASTManager$PartListenerGroup$1.run(SelectionListenerWithASTManager.java:149)
	at org.eclipse.core.internal.jobs.Worker.run(Worker.java:63)

!ENTRY org.eclipse.jdt.core.manipulation 4 0 2025-03-22 13:34:25.819
!MESSAGE Error in JDT Core during AST creation
!STACK 0
java.lang.IllegalStateException: Missing system library
	at org.eclipse.jdt.core.dom.ASTParser.checkForSystemLibrary(ASTParser.java:311)
	at org.eclipse.jdt.core.dom.ASTParser.getClasspath(ASTParser.java:272)
	at org.eclipse.jdt.core.dom.ASTParser.internalCreateASTCached(ASTParser.java:1299)
	at org.eclipse.jdt.core.dom.ASTParser.lambda$1(ASTParser.java:1178)
	at org.eclipse.jdt.internal.core.JavaModelManager.cacheZipFiles(JavaModelManager.java:5694)
	at org.eclipse.jdt.core.dom.ASTParser.internalCreateAST(ASTParser.java:1178)
	at org.eclipse.jdt.core.dom.ASTParser.createAST(ASTParser.java:918)
	at org.eclipse.jdt.core.manipulation.CoreASTProvider$1.run(CoreASTProvider.java:294)
	at org.eclipse.core.runtime.SafeRunner.run(SafeRunner.java:47)
	at org.eclipse.jdt.core.manipulation.CoreASTProvider.createAST(CoreASTProvider.java:286)
	at org.eclipse.jdt.core.manipulation.CoreASTProvider.getAST(CoreASTProvider.java:199)
	at org.eclipse.jdt.core.manipulation.SharedASTProviderCore.getAST(SharedASTProviderCore.java:138)
	at org.eclipse.jdt.internal.ui.viewsupport.SelectionListenerWithASTManager$PartListenerGroup.calculateASTandInform(SelectionListenerWithASTManager.java:167)
	at org.eclipse.jdt.internal.ui.viewsupport.SelectionListenerWithASTManager$PartListenerGroup$1.lambda$0(SelectionListenerWithASTManager.java:149)
	at org.eclipse.jdt.internal.core.JavaModelManager.cacheZipFiles(JavaModelManager.java:5694)
	at org.eclipse.jdt.internal.core.JavaModelManager.callReadOnly(JavaModelManager.java:5683)
	at org.eclipse.jdt.core.JavaCore.callReadOnly(JavaCore.java:6150)
	at org.eclipse.jdt.internal.ui.viewsupport.SelectionListenerWithASTManager$PartListenerGroup$1.run(SelectionListenerWithASTManager.java:149)
	at org.eclipse.core.internal.jobs.Worker.run(Worker.java:63)

!ENTRY org.eclipse.jdt.core.manipulation 4 2 2025-03-22 13:34:31.817
!MESSAGE Problems occurred when invoking code from plug-in: "org.eclipse.jdt.core.manipulation".
!STACK 0
java.lang.IllegalStateException: Missing system library
	at org.eclipse.jdt.core.dom.ASTParser.checkForSystemLibrary(ASTParser.java:311)
	at org.eclipse.jdt.core.dom.ASTParser.getClasspath(ASTParser.java:272)
	at org.eclipse.jdt.core.dom.ASTParser.internalCreateASTCached(ASTParser.java:1299)
	at org.eclipse.jdt.core.dom.ASTParser.lambda$1(ASTParser.java:1178)
	at org.eclipse.jdt.internal.core.JavaModelManager.cacheZipFiles(JavaModelManager.java:5694)
	at org.eclipse.jdt.core.dom.ASTParser.internalCreateAST(ASTParser.java:1178)
	at org.eclipse.jdt.core.dom.ASTParser.createAST(ASTParser.java:918)
	at org.eclipse.jdt.core.manipulation.CoreASTProvider$1.run(CoreASTProvider.java:294)
	at org.eclipse.core.runtime.SafeRunner.run(SafeRunner.java:47)
	at org.eclipse.jdt.core.manipulation.CoreASTProvider.createAST(CoreASTProvider.java:286)
	at org.eclipse.jdt.core.manipulation.CoreASTProvider.getAST(CoreASTProvider.java:199)
	at org.eclipse.jdt.core.manipulation.SharedASTProviderCore.getAST(SharedASTProviderCore.java:138)
	at org.eclipse.jdt.internal.ui.viewsupport.SelectionListenerWithASTManager$PartListenerGroup.calculateASTandInform(SelectionListenerWithASTManager.java:167)
	at org.eclipse.jdt.internal.ui.viewsupport.SelectionListenerWithASTManager$PartListenerGroup$1.lambda$0(SelectionListenerWithASTManager.java:149)
	at org.eclipse.jdt.internal.core.JavaModelManager.cacheZipFiles(JavaModelManager.java:5694)
	at org.eclipse.jdt.internal.core.JavaModelManager.callReadOnly(JavaModelManager.java:5683)
	at org.eclipse.jdt.core.JavaCore.callReadOnly(JavaCore.java:6150)
	at org.eclipse.jdt.internal.ui.viewsupport.SelectionListenerWithASTManager$PartListenerGroup$1.run(SelectionListenerWithASTManager.java:149)
	at org.eclipse.core.internal.jobs.Worker.run(Worker.java:63)

!ENTRY org.eclipse.jdt.core.manipulation 4 0 2025-03-22 13:34:31.818
!MESSAGE Error in JDT Core during AST creation
!STACK 0
java.lang.IllegalStateException: Missing system library
	at org.eclipse.jdt.core.dom.ASTParser.checkForSystemLibrary(ASTParser.java:311)
	at org.eclipse.jdt.core.dom.ASTParser.getClasspath(ASTParser.java:272)
	at org.eclipse.jdt.core.dom.ASTParser.internalCreateASTCached(ASTParser.java:1299)
	at org.eclipse.jdt.core.dom.ASTParser.lambda$1(ASTParser.java:1178)
	at org.eclipse.jdt.internal.core.JavaModelManager.cacheZipFiles(JavaModelManager.java:5694)
	at org.eclipse.jdt.core.dom.ASTParser.internalCreateAST(ASTParser.java:1178)
	at org.eclipse.jdt.core.dom.ASTParser.createAST(ASTParser.java:918)
	at org.eclipse.jdt.core.manipulation.CoreASTProvider$1.run(CoreASTProvider.java:294)
	at org.eclipse.core.runtime.SafeRunner.run(SafeRunner.java:47)
	at org.eclipse.jdt.core.manipulation.CoreASTProvider.createAST(CoreASTProvider.java:286)
	at org.eclipse.jdt.core.manipulation.CoreASTProvider.getAST(CoreASTProvider.java:199)
	at org.eclipse.jdt.core.manipulation.SharedASTProviderCore.getAST(SharedASTProviderCore.java:138)
	at org.eclipse.jdt.internal.ui.viewsupport.SelectionListenerWithASTManager$PartListenerGroup.calculateASTandInform(SelectionListenerWithASTManager.java:167)
	at org.eclipse.jdt.internal.ui.viewsupport.SelectionListenerWithASTManager$PartListenerGroup$1.lambda$0(SelectionListenerWithASTManager.java:149)
	at org.eclipse.jdt.internal.core.JavaModelManager.cacheZipFiles(JavaModelManager.java:5694)
	at org.eclipse.jdt.internal.core.JavaModelManager.callReadOnly(JavaModelManager.java:5683)
	at org.eclipse.jdt.core.JavaCore.callReadOnly(JavaCore.java:6150)
	at org.eclipse.jdt.internal.ui.viewsupport.SelectionListenerWithASTManager$PartListenerGroup$1.run(SelectionListenerWithASTManager.java:149)
	at org.eclipse.core.internal.jobs.Worker.run(Worker.java:63)
!SESSION 2025-03-22 14:59:21.888 -----------------------------------------------
eclipse.buildId=4.34.0.20241128-0756
java.version=23.0.1
java.vendor=Eclipse Adoptium
BootLoader constants: OS=win32, ARCH=x86_64, WS=win32, NL=en_GB
Framework arguments:  -product org.eclipse.epp.package.java.product
Command-line arguments:  -os win32 -ws win32 -arch x86_64 -product org.eclipse.epp.package.java.product -data C:\Users\saphi\OneDrive\comp_sci_year_1\term_2\programming\GIT_COMP1009JAVA\cw2cd

!ENTRY ch.qos.logback.classic 1 0 2025-03-22 14:59:23.374
!MESSAGE Activated before the state location was initialized. Retry after the state location is initialized.

!ENTRY org.eclipse.core.resources 2 10035 2025-03-22 14:59:23.989
!MESSAGE The workspace exited with unsaved changes in the previous session; refreshing workspace to recover changes.

!ENTRY ch.qos.logback.classic 1 0 2025-03-22 14:59:24.383
!MESSAGE Logback config file: C:\Users\saphi\OneDrive\comp_sci_year_1\term_2\programming\GIT_COMP1009JAVA\cw2cd\.metadata\.plugins\org.eclipse.m2e.logback\logback.2.7.0.20241001-1350.xml

!ENTRY org.eclipse.egit.ui 2 0 2025-03-22 14:59:29.980
!MESSAGE Warning: The environment variable HOME is not set. The following directory will be used to store the Git
user global configuration and to define the default location to store repositories: 'C:\Users\saphi'. If this is
not correct please set the HOME environment variable and restart Eclipse. Otherwise Git for Windows and
EGit might behave differently since they see different configuration options.
This warning can be switched off on the Team > Git > Confirmations and Warnings preference page.

!ENTRY org.eclipse.jdt.core 4 4 2025-03-22 14:59:30.140
!MESSAGE Error occurred while deleting: /CWCD/bin/reversi
!STACK 1
org.eclipse.core.internal.resources.ResourceException: Problems encountered while deleting resources.
	at org.eclipse.core.internal.resources.Resource.delete(Resource.java:816)
	at org.eclipse.jdt.internal.core.builder.BatchImageBuilder.cleanOutputFolders(BatchImageBuilder.java:177)
	at org.eclipse.jdt.internal.core.builder.BatchImageBuilder.build(BatchImageBuilder.java:104)
	at org.eclipse.jdt.internal.core.builder.JavaBuilder.buildAll(JavaBuilder.java:314)
	at org.eclipse.jdt.internal.core.builder.JavaBuilder.build(JavaBuilder.java:220)
	at org.eclipse.core.internal.events.BuildManager$2.run(BuildManager.java:1077)
	at org.eclipse.core.runtime.SafeRunner.run(SafeRunner.java:47)
	at org.eclipse.core.internal.events.BuildManager.basicBuild(BuildManager.java:296)
	at org.eclipse.core.internal.events.BuildManager.basicBuild(BuildManager.java:352)
	at org.eclipse.core.internal.events.BuildManager$1.run(BuildManager.java:441)
	at org.eclipse.core.runtime.SafeRunner.run(SafeRunner.java:47)
	at org.eclipse.core.internal.events.BuildManager.basicBuild(BuildManager.java:444)
	at org.eclipse.core.internal.events.BuildManager.basicBuildLoop(BuildManager.java:555)
	at org.eclipse.core.internal.events.BuildManager.basicBuildLoop(BuildManager.java:503)
	at org.eclipse.core.internal.events.BuildManager.build(BuildManager.java:585)
	at org.eclipse.core.internal.events.AutoBuildJob.doBuild(AutoBuildJob.java:207)
	at org.eclipse.core.internal.events.AutoBuildJob.run(AutoBuildJob.java:300)
	at org.eclipse.core.internal.jobs.Worker.run(Worker.java:63)
Contains: Could not delete '/CWCD/bin/reversi'.
org.eclipse.core.internal.resources.ResourceException: Problems encountered while deleting resources.
	at org.eclipse.core.internal.localstore.FileSystemResourceManager.delete(FileSystemResourceManager.java:416)
	at org.eclipse.core.internal.resources.ResourceTree.internalDeleteFolder(ResourceTree.java:363)
	at org.eclipse.core.internal.resources.ResourceTree.standardDeleteFolder(ResourceTree.java:815)
	at org.eclipse.core.internal.resources.Resource.unprotectedDelete(Resource.java:1830)
	at org.eclipse.core.internal.resources.Resource.delete(Resource.java:803)
	at org.eclipse.jdt.internal.core.builder.BatchImageBuilder.cleanOutputFolders(BatchImageBuilder.java:177)
	at org.eclipse.jdt.internal.core.builder.BatchImageBuilder.build(BatchImageBuilder.java:104)
	at org.eclipse.jdt.internal.core.builder.JavaBuilder.buildAll(JavaBuilder.java:314)
	at org.eclipse.jdt.internal.core.builder.JavaBuilder.build(JavaBuilder.java:220)
	at org.eclipse.core.internal.events.BuildManager$2.run(BuildManager.java:1077)
	at org.eclipse.core.runtime.SafeRunner.run(SafeRunner.java:47)
	at org.eclipse.core.internal.events.BuildManager.basicBuild(BuildManager.java:296)
	at org.eclipse.core.internal.events.BuildManager.basicBuild(BuildManager.java:352)
	at org.eclipse.core.internal.events.BuildManager$1.run(BuildManager.java:441)
	at org.eclipse.core.runtime.SafeRunner.run(SafeRunner.java:47)
	at org.eclipse.core.internal.events.BuildManager.basicBuild(BuildManager.java:444)
	at org.eclipse.core.internal.events.BuildManager.basicBuildLoop(BuildManager.java:555)
	at org.eclipse.core.internal.events.BuildManager.basicBuildLoop(BuildManager.java:503)
	at org.eclipse.core.internal.events.BuildManager.build(BuildManager.java:585)
	at org.eclipse.core.internal.events.AutoBuildJob.doBuild(AutoBuildJob.java:207)
	at org.eclipse.core.internal.events.AutoBuildJob.run(AutoBuildJob.java:300)
	at org.eclipse.core.internal.jobs.Worker.run(Worker.java:63)
Contains: Could not delete: C:\Users\saphi\OneDrive\comp_sci_year_1\term_2\programming\GIT_COMP1009JAVA\cw2cd\CWCD\bin\reversi.
java.nio.file.AccessDeniedException: C:\Users\saphi\OneDrive\comp_sci_year_1\term_2\programming\GIT_COMP1009JAVA\cw2cd\CWCD\bin\reversi
	at java.base/sun.nio.fs.WindowsException.translateToIOException(WindowsException.java:89)
	at java.base/sun.nio.fs.WindowsException.rethrowAsIOException(WindowsException.java:103)
	at java.base/sun.nio.fs.WindowsException.rethrowAsIOException(WindowsException.java:108)
	at java.base/sun.nio.fs.WindowsFileSystemProvider.implDelete(WindowsFileSystemProvider.java:273)
	at java.base/sun.nio.fs.AbstractFileSystemProvider.deleteIfExists(AbstractFileSystemProvider.java:110)
	at java.base/java.nio.file.Files.deleteIfExists(Files.java:1192)
	at org.eclipse.core.internal.filesystem.local.LocalFile.internalDelete(LocalFile.java:309)
	at org.eclipse.core.internal.filesystem.local.LocalFile.delete(LocalFile.java:201)
	at org.eclipse.core.internal.localstore.DeleteVisitor.delete(DeleteVisitor.java:66)
	at org.eclipse.core.internal.localstore.DeleteVisitor.visit(DeleteVisitor.java:156)
	at org.eclipse.core.internal.localstore.UnifiedTree.accept(UnifiedTree.java:126)
	at org.eclipse.core.internal.localstore.FileSystemResourceManager.delete(FileSystemResourceManager.java:413)
	at org.eclipse.core.internal.resources.ResourceTree.internalDeleteFolder(ResourceTree.java:363)
	at org.eclipse.core.internal.resources.ResourceTree.standardDeleteFolder(ResourceTree.java:815)
	at org.eclipse.core.internal.resources.Resource.unprotectedDelete(Resource.java:1830)
	at org.eclipse.core.internal.resources.Resource.delete(Resource.java:803)
	at org.eclipse.jdt.internal.core.builder.BatchImageBuilder.cleanOutputFolders(BatchImageBuilder.java:177)
	at org.eclipse.jdt.internal.core.builder.BatchImageBuilder.build(BatchImageBuilder.java:104)
	at org.eclipse.jdt.internal.core.builder.JavaBuilder.buildAll(JavaBuilder.java:314)
	at org.eclipse.jdt.internal.core.builder.JavaBuilder.build(JavaBuilder.java:220)
	at org.eclipse.core.internal.events.BuildManager$2.run(BuildManager.java:1077)
	at org.eclipse.core.runtime.SafeRunner.run(SafeRunner.java:47)
	at org.eclipse.core.internal.events.BuildManager.basicBuild(BuildManager.java:296)
	at org.eclipse.core.internal.events.BuildManager.basicBuild(BuildManager.java:352)
	at org.eclipse.core.internal.events.BuildManager$1.run(BuildManager.java:441)
	at org.eclipse.core.runtime.SafeRunner.run(SafeRunner.java:47)
	at org.eclipse.core.internal.events.BuildManager.basicBuild(BuildManager.java:444)
	at org.eclipse.core.internal.events.BuildManager.basicBuildLoop(BuildManager.java:555)
	at org.eclipse.core.internal.events.BuildManager.basicBuildLoop(BuildManager.java:503)
	at org.eclipse.core.internal.events.BuildManager.build(BuildManager.java:585)
	at org.eclipse.core.internal.events.AutoBuildJob.doBuild(AutoBuildJob.java:207)
	at org.eclipse.core.internal.events.AutoBuildJob.run(AutoBuildJob.java:300)
	at org.eclipse.core.internal.jobs.Worker.run(Worker.java:63)
!SUBENTRY 1 org.eclipse.core.resources 4 273 2025-03-22 14:59:30.145
!MESSAGE Problems encountered while deleting resources.
!SUBENTRY 2 org.eclipse.core.resources 4 273 2025-03-22 14:59:30.145
!MESSAGE Could not delete '/CWCD/bin/reversi'.
!STACK 1
org.eclipse.core.internal.resources.ResourceException: Problems encountered while deleting resources.
	at org.eclipse.core.internal.localstore.FileSystemResourceManager.delete(FileSystemResourceManager.java:416)
	at org.eclipse.core.internal.resources.ResourceTree.internalDeleteFolder(ResourceTree.java:363)
	at org.eclipse.core.internal.resources.ResourceTree.standardDeleteFolder(ResourceTree.java:815)
	at org.eclipse.core.internal.resources.Resource.unprotectedDelete(Resource.java:1830)
	at org.eclipse.core.internal.resources.Resource.delete(Resource.java:803)
	at org.eclipse.jdt.internal.core.builder.BatchImageBuilder.cleanOutputFolders(BatchImageBuilder.java:177)
	at org.eclipse.jdt.internal.core.builder.BatchImageBuilder.build(BatchImageBuilder.java:104)
	at org.eclipse.jdt.internal.core.builder.JavaBuilder.buildAll(JavaBuilder.java:314)
	at org.eclipse.jdt.internal.core.builder.JavaBuilder.build(JavaBuilder.java:220)
	at org.eclipse.core.internal.events.BuildManager$2.run(BuildManager.java:1077)
	at org.eclipse.core.runtime.SafeRunner.run(SafeRunner.java:47)
	at org.eclipse.core.internal.events.BuildManager.basicBuild(BuildManager.java:296)
	at org.eclipse.core.internal.events.BuildManager.basicBuild(BuildManager.java:352)
	at org.eclipse.core.internal.events.BuildManager$1.run(BuildManager.java:441)
	at org.eclipse.core.runtime.SafeRunner.run(SafeRunner.java:47)
	at org.eclipse.core.internal.events.BuildManager.basicBuild(BuildManager.java:444)
	at org.eclipse.core.internal.events.BuildManager.basicBuildLoop(BuildManager.java:555)
	at org.eclipse.core.internal.events.BuildManager.basicBuildLoop(BuildManager.java:503)
	at org.eclipse.core.internal.events.BuildManager.build(BuildManager.java:585)
	at org.eclipse.core.internal.events.AutoBuildJob.doBuild(AutoBuildJob.java:207)
	at org.eclipse.core.internal.events.AutoBuildJob.run(AutoBuildJob.java:300)
	at org.eclipse.core.internal.jobs.Worker.run(Worker.java:63)
Contains: Could not delete: C:\Users\saphi\OneDrive\comp_sci_year_1\term_2\programming\GIT_COMP1009JAVA\cw2cd\CWCD\bin\reversi.
java.nio.file.AccessDeniedException: C:\Users\saphi\OneDrive\comp_sci_year_1\term_2\programming\GIT_COMP1009JAVA\cw2cd\CWCD\bin\reversi
	at java.base/sun.nio.fs.WindowsException.translateToIOException(WindowsException.java:89)
	at java.base/sun.nio.fs.WindowsException.rethrowAsIOException(WindowsException.java:103)
	at java.base/sun.nio.fs.WindowsException.rethrowAsIOException(WindowsException.java:108)
	at java.base/sun.nio.fs.WindowsFileSystemProvider.implDelete(WindowsFileSystemProvider.java:273)
	at java.base/sun.nio.fs.AbstractFileSystemProvider.deleteIfExists(AbstractFileSystemProvider.java:110)
	at java.base/java.nio.file.Files.deleteIfExists(Files.java:1192)
	at org.eclipse.core.internal.filesystem.local.LocalFile.internalDelete(LocalFile.java:309)
	at org.eclipse.core.internal.filesystem.local.LocalFile.delete(LocalFile.java:201)
	at org.eclipse.core.internal.localstore.DeleteVisitor.delete(DeleteVisitor.java:66)
	at org.eclipse.core.internal.localstore.DeleteVisitor.visit(DeleteVisitor.java:156)
	at org.eclipse.core.internal.localstore.UnifiedTree.accept(UnifiedTree.java:126)
	at org.eclipse.core.internal.localstore.FileSystemResourceManager.delete(FileSystemResourceManager.java:413)
	at org.eclipse.core.internal.resources.ResourceTree.internalDeleteFolder(ResourceTree.java:363)
	at org.eclipse.core.internal.resources.ResourceTree.standardDeleteFolder(ResourceTree.java:815)
	at org.eclipse.core.internal.resources.Resource.unprotectedDelete(Resource.java:1830)
	at org.eclipse.core.internal.resources.Resource.delete(Resource.java:803)
	at org.eclipse.jdt.internal.core.builder.BatchImageBuilder.cleanOutputFolders(BatchImageBuilder.java:177)
	at org.eclipse.jdt.internal.core.builder.BatchImageBuilder.build(BatchImageBuilder.java:104)
	at org.eclipse.jdt.internal.core.builder.JavaBuilder.buildAll(JavaBuilder.java:314)
	at org.eclipse.jdt.internal.core.builder.JavaBuilder.build(JavaBuilder.java:220)
	at org.eclipse.core.internal.events.BuildManager$2.run(BuildManager.java:1077)
	at org.eclipse.core.runtime.SafeRunner.run(SafeRunner.java:47)
	at org.eclipse.core.internal.events.BuildManager.basicBuild(BuildManager.java:296)
	at org.eclipse.core.internal.events.BuildManager.basicBuild(BuildManager.java:352)
	at org.eclipse.core.internal.events.BuildManager$1.run(BuildManager.java:441)
	at org.eclipse.core.runtime.SafeRunner.run(SafeRunner.java:47)
	at org.eclipse.core.internal.events.BuildManager.basicBuild(BuildManager.java:444)
	at org.eclipse.core.internal.events.BuildManager.basicBuildLoop(BuildManager.java:555)
	at org.eclipse.core.internal.events.BuildManager.basicBuildLoop(BuildManager.java:503)
	at org.eclipse.core.internal.events.BuildManager.build(BuildManager.java:585)
	at org.eclipse.core.internal.events.AutoBuildJob.doBuild(AutoBuildJob.java:207)
	at org.eclipse.core.internal.events.AutoBuildJob.run(AutoBuildJob.java:300)
	at org.eclipse.core.internal.jobs.Worker.run(Worker.java:63)
!SUBENTRY 3 org.eclipse.core.resources 4 273 2025-03-22 14:59:30.145
!MESSAGE Problems encountered while deleting resources.
!SUBENTRY 4 org.eclipse.core.filesystem 4 273 2025-03-22 14:59:30.145
!MESSAGE Could not delete: C:\Users\saphi\OneDrive\comp_sci_year_1\term_2\programming\GIT_COMP1009JAVA\cw2cd\CWCD\bin\reversi.
!STACK 0
java.nio.file.AccessDeniedException: C:\Users\saphi\OneDrive\comp_sci_year_1\term_2\programming\GIT_COMP1009JAVA\cw2cd\CWCD\bin\reversi
	at java.base/sun.nio.fs.WindowsException.translateToIOException(WindowsException.java:89)
	at java.base/sun.nio.fs.WindowsException.rethrowAsIOException(WindowsException.java:103)
	at java.base/sun.nio.fs.WindowsException.rethrowAsIOException(WindowsException.java:108)
	at java.base/sun.nio.fs.WindowsFileSystemProvider.implDelete(WindowsFileSystemProvider.java:273)
	at java.base/sun.nio.fs.AbstractFileSystemProvider.deleteIfExists(AbstractFileSystemProvider.java:110)
	at java.base/java.nio.file.Files.deleteIfExists(Files.java:1192)
	at org.eclipse.core.internal.filesystem.local.LocalFile.internalDelete(LocalFile.java:309)
	at org.eclipse.core.internal.filesystem.local.LocalFile.delete(LocalFile.java:201)
	at org.eclipse.core.internal.localstore.DeleteVisitor.delete(DeleteVisitor.java:66)
	at org.eclipse.core.internal.localstore.DeleteVisitor.visit(DeleteVisitor.java:156)
	at org.eclipse.core.internal.localstore.UnifiedTree.accept(UnifiedTree.java:126)
	at org.eclipse.core.internal.localstore.FileSystemResourceManager.delete(FileSystemResourceManager.java:413)
	at org.eclipse.core.internal.resources.ResourceTree.internalDeleteFolder(ResourceTree.java:363)
	at org.eclipse.core.internal.resources.ResourceTree.standardDeleteFolder(ResourceTree.java:815)
	at org.eclipse.core.internal.resources.Resource.unprotectedDelete(Resource.java:1830)
	at org.eclipse.core.internal.resources.Resource.delete(Resource.java:803)
	at org.eclipse.jdt.internal.core.builder.BatchImageBuilder.cleanOutputFolders(BatchImageBuilder.java:177)
	at org.eclipse.jdt.internal.core.builder.BatchImageBuilder.build(BatchImageBuilder.java:104)
	at org.eclipse.jdt.internal.core.builder.JavaBuilder.buildAll(JavaBuilder.java:314)
	at org.eclipse.jdt.internal.core.builder.JavaBuilder.build(JavaBuilder.java:220)
	at org.eclipse.core.internal.events.BuildManager$2.run(BuildManager.java:1077)
	at org.eclipse.core.runtime.SafeRunner.run(SafeRunner.java:47)
	at org.eclipse.core.internal.events.BuildManager.basicBuild(BuildManager.java:296)
	at org.eclipse.core.internal.events.BuildManager.basicBuild(BuildManager.java:352)
	at org.eclipse.core.internal.events.BuildManager$1.run(BuildManager.java:441)
	at org.eclipse.core.runtime.SafeRunner.run(SafeRunner.java:47)
	at org.eclipse.core.internal.events.BuildManager.basicBuild(BuildManager.java:444)
	at org.eclipse.core.internal.events.BuildManager.basicBuildLoop(BuildManager.java:555)
	at org.eclipse.core.internal.events.BuildManager.basicBuildLoop(BuildManager.java:503)
	at org.eclipse.core.internal.events.BuildManager.build(BuildManager.java:585)
	at org.eclipse.core.internal.events.AutoBuildJob.doBuild(AutoBuildJob.java:207)
	at org.eclipse.core.internal.events.AutoBuildJob.run(AutoBuildJob.java:300)
	at org.eclipse.core.internal.jobs.Worker.run(Worker.java:63)

!ENTRY org.eclipse.jdt.ui 4 0 2025-03-22 15:06:19.481
!MESSAGE OperationCanceledException computing hover information in GUIView.java at offset 2419
!STACK 0
org.eclipse.core.runtime.OperationCanceledException
	at org.eclipse.jdt.internal.core.AbstractClassFile.getClassFileContent(AbstractClassFile.java:239)
	at org.eclipse.jdt.internal.core.ClassFile.getJarBinaryTypeInfo(ClassFile.java:225)
	at org.eclipse.jdt.internal.core.ClassFile.getBinaryTypeInfo(ClassFile.java:186)
	at org.eclipse.jdt.internal.core.ClassFile.buildStructure(ClassFile.java:78)
	at org.eclipse.jdt.internal.core.Openable.generateInfos(Openable.java:246)
	at org.eclipse.jdt.internal.core.SourceRefElement.generateInfos(SourceRefElement.java:127)
	at org.eclipse.jdt.internal.core.JavaElement.openWhenClosed(JavaElement.java:569)
	at org.eclipse.jdt.internal.core.BinaryType.getElementInfo(BinaryType.java:292)
	at org.eclipse.jdt.internal.core.JavaElement.getElementInfo(JavaElement.java:278)
	at org.eclipse.jdt.internal.core.BinaryType.getElementInfo(BinaryType.java:1142)
	at org.eclipse.jdt.internal.core.SearchableEnvironment.createAnswer(SearchableEnvironment.java:250)
	at org.eclipse.jdt.internal.core.SearchableEnvironment.find(SearchableEnvironment.java:201)
	at org.eclipse.jdt.internal.core.SearchableEnvironment.findType(SearchableEnvironment.java:534)
	at org.eclipse.jdt.internal.compiler.lookup.LookupEnvironment.lambda$0(LookupEnvironment.java:286)
	at org.eclipse.jdt.internal.compiler.lookup.LookupEnvironment.askForTypeFromModules(LookupEnvironment.java:430)
	at org.eclipse.jdt.internal.compiler.lookup.LookupEnvironment.askForType(LookupEnvironment.java:285)
	at org.eclipse.jdt.internal.compiler.lookup.UnresolvedReferenceBinding.resolve(UnresolvedReferenceBinding.java:116)
	at org.eclipse.jdt.internal.compiler.lookup.BinaryTypeBinding.resolveType(BinaryTypeBinding.java:240)
	at org.eclipse.jdt.internal.compiler.lookup.BinaryTypeBinding.superclass(BinaryTypeBinding.java:2437)
	at org.eclipse.jdt.internal.compiler.lookup.ReferenceBinding.isSuperclassOf(ReferenceBinding.java:1736)
	at org.eclipse.jdt.internal.compiler.lookup.ReferenceBinding.isCompatibleWith0(ReferenceBinding.java:1553)
	at org.eclipse.jdt.internal.compiler.lookup.ReferenceBinding.isCompatibleWith(ReferenceBinding.java:1462)
	at org.eclipse.jdt.internal.compiler.lookup.TypeBinding.sIsMoreSpecific(TypeBinding.java:1761)
	at org.eclipse.jdt.internal.compiler.lookup.Scope.mostSpecificMethodBinding(Scope.java:4767)
	at org.eclipse.jdt.internal.compiler.lookup.Scope.findDefaultAbstractMethod(Scope.java:1319)
	at org.eclipse.jdt.internal.compiler.lookup.Scope.findMethod0(Scope.java:1948)
	at org.eclipse.jdt.internal.compiler.lookup.Scope.findMethod(Scope.java:1677)
	at org.eclipse.jdt.internal.compiler.ast.MessageSend.resolveType(MessageSend.java:837)
	at org.eclipse.jdt.internal.compiler.ast.Expression.resolve(Expression.java:1119)
	at org.eclipse.jdt.internal.compiler.ast.Statement.resolveWithBindings(Statement.java:528)
	at org.eclipse.jdt.internal.compiler.ast.ASTNode.resolveStatements(ASTNode.java:734)
	at org.eclipse.jdt.internal.compiler.ast.AbstractMethodDeclaration.resolveStatements(AbstractMethodDeclaration.java:721)
	at org.eclipse.jdt.internal.compiler.ast.MethodDeclaration.resolveStatements(MethodDeclaration.java:397)
	at org.eclipse.jdt.internal.compiler.ast.AbstractMethodDeclaration.resolve(AbstractMethodDeclaration.java:619)
	at org.eclipse.jdt.internal.compiler.ast.TypeDeclaration.resolve(TypeDeclaration.java:1556)
	at org.eclipse.jdt.internal.compiler.ast.TypeDeclaration.resolve(TypeDeclaration.java:1685)
	at org.eclipse.jdt.internal.compiler.ast.CompilationUnitDeclaration.resolve(CompilationUnitDeclaration.java:661)
	at org.eclipse.jdt.internal.codeassist.SelectionEngine.select(SelectionEngine.java:1028)
	at org.eclipse.jdt.internal.core.Openable.codeSelect(Openable.java:167)
	at org.eclipse.jdt.internal.core.CompilationUnit.codeSelect(CompilationUnit.java:471)
	at org.eclipse.jdt.internal.core.CompilationUnit.codeSelect(CompilationUnit.java:461)
	at org.eclipse.jdt.internal.ui.text.java.hover.AbstractJavaEditorTextHover.getJavaElementsAt(AbstractJavaEditorTextHover.java:122)
	at org.eclipse.jdt.internal.ui.text.java.hover.JavadocHover.lambda$0(JavadocHover.java:713)
	at org.eclipse.jdt.internal.core.JavaModelManager.cacheZipFiles(JavaModelManager.java:5694)
	at org.eclipse.jdt.internal.core.JavaModelManager.callReadOnly(JavaModelManager.java:5683)
	at org.eclipse.jdt.core.JavaCore.callReadOnly(JavaCore.java:6150)
	at org.eclipse.jdt.internal.ui.text.java.hover.JavadocHover.internalGetHoverInfo(JavadocHover.java:713)
	at org.eclipse.jdt.internal.ui.text.java.hover.JavadocHover.getHoverInfo2(JavadocHover.java:709)
	at org.eclipse.jdt.internal.ui.text.java.hover.BestMatchHover.getHoverInfo2(BestMatchHover.java:163)
	at org.eclipse.jdt.internal.ui.text.java.hover.BestMatchHover.getHoverInfo2(BestMatchHover.java:130)
	at org.eclipse.jdt.internal.ui.text.java.hover.JavaEditorTextHoverProxy.getHoverInfo2(JavaEditorTextHoverProxy.java:89)
	at org.eclipse.jface.text.TextViewerHoverManager$1.run(TextViewerHoverManager.java:155)
	Suppressed: java.lang.Throwable: Source line 83 :
-----
		
		message1.setFont( new Font( "Arial", Font.BOLD, 20 ));
		message2.setFont( new Font( "Arial", Font.BOLD, 20 ));

		board1.setFont( new Font( "Consolas", Font.BOLD, 20 ));
		board2.setFont( new Font( "Consolas", Font.BOLD, 20 ));
		board1.setPreferredSize(new Dimension(400,330));
		board2.setPreferredSize(new Dimension(400,330));
		
		// Now we add the 'stuff' for each player to the panel for that player...
		message1.setText("|Initial text goes here");
-----
		at org.eclipse.jdt.internal.ui.util.SelectionUtil.logException(SelectionUtil.java:150)
		at org.eclipse.jdt.internal.ui.text.java.hover.AbstractJavaEditorTextHover.getJavaElementsAt(AbstractJavaEditorTextHover.java:124)
		... 10 more
!SESSION 2025-03-22 15:14:06.172 -----------------------------------------------
eclipse.buildId=4.34.0.20241128-0756
java.version=23.0.1
java.vendor=Eclipse Adoptium
BootLoader constants: OS=win32, ARCH=x86_64, WS=win32, NL=en_GB
Framework arguments:  -product org.eclipse.epp.package.java.product
Command-line arguments:  -os win32 -ws win32 -arch x86_64 -product org.eclipse.epp.package.java.product -data C:\Users\saphi\OneDrive\comp_sci_year_1\term_2\programming\GIT_COMP1009JAVA\cw2cd

!ENTRY ch.qos.logback.classic 1 0 2025-03-22 15:14:07.738
!MESSAGE Activated before the state location was initialized. Retry after the state location is initialized.

!ENTRY ch.qos.logback.classic 1 0 2025-03-22 15:14:08.689
!MESSAGE Logback config file: C:\Users\saphi\OneDrive\comp_sci_year_1\term_2\programming\GIT_COMP1009JAVA\cw2cd\.metadata\.plugins\org.eclipse.m2e.logback\logback.2.7.0.20241001-1350.xml

!ENTRY org.eclipse.egit.ui 2 0 2025-03-22 15:14:13.981
!MESSAGE Warning: The environment variable HOME is not set. The following directory will be used to store the Git
user global configuration and to define the default location to store repositories: 'C:\Users\saphi'. If this is
not correct please set the HOME environment variable and restart Eclipse. Otherwise Git for Windows and
EGit might behave differently since they see different configuration options.
This warning can be switched off on the Team > Git > Confirmations and Warnings preference page.

!ENTRY org.eclipse.jdt.ui 4 0 2025-03-22 15:22:29.155
!MESSAGE OperationCanceledException computing hover information in GUIView.java at offset 4677
!STACK 0
org.eclipse.core.runtime.OperationCanceledException
	at org.eclipse.jdt.internal.core.AbstractClassFile.getClassFileContent(AbstractClassFile.java:239)
	at org.eclipse.jdt.internal.core.ClassFile.getJarBinaryTypeInfo(ClassFile.java:225)
	at org.eclipse.jdt.internal.core.ClassFile.getBinaryTypeInfo(ClassFile.java:186)
	at org.eclipse.jdt.internal.core.ClassFile.buildStructure(ClassFile.java:78)
	at org.eclipse.jdt.internal.core.Openable.generateInfos(Openable.java:246)
	at org.eclipse.jdt.internal.core.SourceRefElement.generateInfos(SourceRefElement.java:127)
	at org.eclipse.jdt.internal.core.JavaElement.openWhenClosed(JavaElement.java:569)
	at org.eclipse.jdt.internal.core.BinaryType.getElementInfo(BinaryType.java:292)
	at org.eclipse.jdt.internal.core.JavaElement.getElementInfo(JavaElement.java:278)
	at org.eclipse.jdt.internal.core.BinaryType.getElementInfo(BinaryType.java:1142)
	at org.eclipse.jdt.internal.core.BinaryType.getFlags(BinaryType.java:357)
	at org.eclipse.jdt.internal.core.SearchableEnvironmentRequestor.acceptType(SearchableEnvironmentRequestor.java:127)
	at org.eclipse.jdt.internal.core.NameLookup.seekTypesInBinaryPackage(NameLookup.java:1510)
	at org.eclipse.jdt.internal.core.NameLookup.seekTypes(NameLookup.java:1442)
	at org.eclipse.jdt.internal.core.NameLookup.seekTypes(NameLookup.java:1348)
	at org.eclipse.jdt.internal.core.NameLookup.findAllTypes(NameLookup.java:422)
	at org.eclipse.jdt.internal.core.NameLookup.seekTypes(NameLookup.java:1418)
	at org.eclipse.jdt.internal.core.NameLookup.seekTypes(NameLookup.java:1348)
	at org.eclipse.jdt.internal.core.SearchableEnvironment.findTypes(SearchableEnvironment.java:964)
	at org.eclipse.jdt.internal.core.SearchableEnvironment.findTypes(SearchableEnvironment.java:766)
	at org.eclipse.jdt.internal.core.SearchableEnvironment.findTypes(SearchableEnvironment.java:592)
	at org.eclipse.jdt.internal.core.SearchableEnvironment.findTypes(SearchableEnvironment.java:571)
	at org.eclipse.jdt.internal.codeassist.SelectionEngine.select(SelectionEngine.java:1048)
	at org.eclipse.jdt.internal.core.Openable.codeSelect(Openable.java:167)
	at org.eclipse.jdt.internal.core.CompilationUnit.codeSelect(CompilationUnit.java:471)
	at org.eclipse.jdt.internal.core.CompilationUnit.codeSelect(CompilationUnit.java:461)
	at org.eclipse.jdt.internal.ui.text.java.hover.AbstractJavaEditorTextHover.getJavaElementsAt(AbstractJavaEditorTextHover.java:122)
	at org.eclipse.jdt.internal.ui.text.java.hover.JavadocHover.lambda$0(JavadocHover.java:713)
	at org.eclipse.jdt.internal.core.JavaModelManager.cacheZipFiles(JavaModelManager.java:5694)
	at org.eclipse.jdt.internal.core.JavaModelManager.callReadOnly(JavaModelManager.java:5683)
	at org.eclipse.jdt.core.JavaCore.callReadOnly(JavaCore.java:6150)
	at org.eclipse.jdt.internal.ui.text.java.hover.JavadocHover.internalGetHoverInfo(JavadocHover.java:713)
	at org.eclipse.jdt.internal.ui.text.java.hover.JavadocHover.getHoverInfo2(JavadocHover.java:709)
	at org.eclipse.jdt.internal.ui.text.java.hover.BestMatchHover.getHoverInfo2(BestMatchHover.java:163)
	at org.eclipse.jdt.internal.ui.text.java.hover.BestMatchHover.getHoverInfo2(BestMatchHover.java:130)
	at org.eclipse.jdt.internal.ui.text.java.hover.JavaEditorTextHoverProxy.getHoverInfo2(JavaEditorTextHoverProxy.java:89)
	at org.eclipse.jface.text.TextViewerHoverManager$1.run(TextViewerHoverManager.java:155)
	Suppressed: java.lang.Throwable: Source line 143 :
-----
		frame2.setVisible(true);
		
		BoardSquareButton[] arrayButtons = new BoardSquareButton[64];
		guiFrame.setDefaultCloseOperation(JFrame.EXIT_ON_CLOSE);
	    guiFrame.setTitle("Label demo");
	    guiFrame.setLayout(new BorderLayout());

	     // Grid panel for labels
	     JPanel gridPanel = new JPanel(new GridLayout(8, 8));

	      // |Add 64 ColorLabels to grid panel
-----
		at org.eclipse.jdt.internal.ui.util.SelectionUtil.logException(SelectionUtil.java:150)
		at org.eclipse.jdt.internal.ui.text.java.hover.AbstractJavaEditorTextHover.getJavaElementsAt(AbstractJavaEditorTextHover.java:124)
		... 10 more

!ENTRY org.eclipse.jdt.ui 4 0 2025-03-22 16:46:13.849
!MESSAGE OperationCanceledException computing hover information in ReversiMain.java at offset 681
!STACK 0
org.eclipse.core.runtime.OperationCanceledException
	at org.eclipse.jdt.internal.core.AbstractClassFile.getClassFileContent(AbstractClassFile.java:239)
	at org.eclipse.jdt.internal.core.ClassFile.getJarBinaryTypeInfo(ClassFile.java:225)
	at org.eclipse.jdt.internal.core.ClassFile.getBinaryTypeInfo(ClassFile.java:186)
	at org.eclipse.jdt.internal.core.ClassFile.buildStructure(ClassFile.java:78)
	at org.eclipse.jdt.internal.core.Openable.generateInfos(Openable.java:246)
	at org.eclipse.jdt.internal.core.SourceRefElement.generateInfos(SourceRefElement.java:127)
	at org.eclipse.jdt.internal.core.JavaElement.openWhenClosed(JavaElement.java:569)
	at org.eclipse.jdt.internal.core.BinaryType.getElementInfo(BinaryType.java:292)
	at org.eclipse.jdt.internal.core.JavaElement.getElementInfo(JavaElement.java:278)
	at org.eclipse.jdt.internal.core.BinaryType.getElementInfo(BinaryType.java:1142)
	at org.eclipse.jdt.internal.core.BinaryType.getFlags(BinaryType.java:357)
	at org.eclipse.jdt.internal.core.SearchableEnvironmentRequestor.acceptType(SearchableEnvironmentRequestor.java:127)
	at org.eclipse.jdt.internal.core.NameLookup.seekTypesInBinaryPackage(NameLookup.java:1510)
	at org.eclipse.jdt.internal.core.NameLookup.seekTypes(NameLookup.java:1442)
	at org.eclipse.jdt.internal.core.NameLookup.seekTypes(NameLookup.java:1348)
	at org.eclipse.jdt.internal.core.NameLookup.findAllTypes(NameLookup.java:422)
	at org.eclipse.jdt.internal.core.NameLookup.seekTypes(NameLookup.java:1418)
	at org.eclipse.jdt.internal.core.NameLookup.seekTypes(NameLookup.java:1348)
	at org.eclipse.jdt.internal.core.SearchableEnvironment.findTypes(SearchableEnvironment.java:964)
	at org.eclipse.jdt.internal.core.SearchableEnvironment.findTypes(SearchableEnvironment.java:766)
	at org.eclipse.jdt.internal.core.SearchableEnvironment.findTypes(SearchableEnvironment.java:592)
	at org.eclipse.jdt.internal.core.SearchableEnvironment.findTypes(SearchableEnvironment.java:571)
	at org.eclipse.jdt.internal.codeassist.SelectionEngine.select(SelectionEngine.java:1048)
	at org.eclipse.jdt.internal.core.Openable.codeSelect(Openable.java:167)
	at org.eclipse.jdt.internal.core.CompilationUnit.codeSelect(CompilationUnit.java:471)
	at org.eclipse.jdt.internal.core.CompilationUnit.codeSelect(CompilationUnit.java:461)
	at org.eclipse.jdt.internal.ui.text.java.hover.AbstractJavaEditorTextHover.getJavaElementsAt(AbstractJavaEditorTextHover.java:122)
	at org.eclipse.jdt.internal.ui.text.java.hover.JavadocHover.lambda$0(JavadocHover.java:713)
	at org.eclipse.jdt.internal.core.JavaModelManager.cacheZipFiles(JavaModelManager.java:5694)
	at org.eclipse.jdt.internal.core.JavaModelManager.callReadOnly(JavaModelManager.java:5683)
	at org.eclipse.jdt.core.JavaCore.callReadOnly(JavaCore.java:6150)
	at org.eclipse.jdt.internal.ui.text.java.hover.JavadocHover.internalGetHoverInfo(JavadocHover.java:713)
	at org.eclipse.jdt.internal.ui.text.java.hover.JavadocHover.getHoverInfo2(JavadocHover.java:709)
	at org.eclipse.jdt.internal.ui.text.java.hover.BestMatchHover.getHoverInfo2(BestMatchHover.java:163)
	at org.eclipse.jdt.internal.ui.text.java.hover.BestMatchHover.getHoverInfo2(BestMatchHover.java:130)
	at org.eclipse.jdt.internal.ui.text.java.hover.JavaEditorTextHoverProxy.getHoverInfo2(JavaEditorTextHoverProxy.java:89)
	at org.eclipse.jface.text.TextViewerHoverManager$1.run(TextViewerHoverManager.java:155)
	Suppressed: java.lang.Throwable: Source line 33 :
-----
		// Choose ONE of the models
		//model = new SimpleModel();
		model = new SimpleTestModel();
		
		// Choose ONE of the views
		//view = new TextView();
		//view = new FakeTextView();
		view = new GUIView(); // You need to implement this class yourself!
		
		// Choose one controller
		//|controller = new SimpleController();
-----
		at org.eclipse.jdt.internal.ui.util.SelectionUtil.logException(SelectionUtil.java:150)
		at org.eclipse.jdt.internal.ui.text.java.hover.AbstractJavaEditorTextHover.getJavaElementsAt(AbstractJavaEditorTextHover.java:124)
		... 10 more

!ENTRY org.eclipse.jdt.ui 4 0 2025-03-22 17:39:59.904
!MESSAGE OperationCanceledException computing hover information in ReversiController.java at offset 1525
!STACK 0
org.eclipse.core.runtime.OperationCanceledException
	at org.eclipse.jdt.internal.core.AbstractClassFile.getClassFileContent(AbstractClassFile.java:239)
	at org.eclipse.jdt.internal.core.ClassFile.getJarBinaryTypeInfo(ClassFile.java:225)
	at org.eclipse.jdt.internal.core.ClassFile.getBinaryTypeInfo(ClassFile.java:186)
	at org.eclipse.jdt.internal.core.ClassFile.buildStructure(ClassFile.java:78)
	at org.eclipse.jdt.internal.core.Openable.generateInfos(Openable.java:246)
	at org.eclipse.jdt.internal.core.SourceRefElement.generateInfos(SourceRefElement.java:127)
	at org.eclipse.jdt.internal.core.JavaElement.openWhenClosed(JavaElement.java:569)
	at org.eclipse.jdt.internal.core.BinaryType.getElementInfo(BinaryType.java:292)
	at org.eclipse.jdt.internal.core.JavaElement.getElementInfo(JavaElement.java:278)
	at org.eclipse.jdt.internal.core.BinaryType.getElementInfo(BinaryType.java:1142)
	at org.eclipse.jdt.internal.core.BinaryType.getFlags(BinaryType.java:357)
	at org.eclipse.jdt.internal.core.SearchableEnvironmentRequestor.acceptType(SearchableEnvironmentRequestor.java:127)
	at org.eclipse.jdt.internal.core.NameLookup.seekTypesInBinaryPackage(NameLookup.java:1510)
	at org.eclipse.jdt.internal.core.NameLookup.seekTypes(NameLookup.java:1442)
	at org.eclipse.jdt.internal.core.NameLookup.seekTypes(NameLookup.java:1348)
	at org.eclipse.jdt.internal.core.NameLookup.findAllTypes(NameLookup.java:422)
	at org.eclipse.jdt.internal.core.NameLookup.seekTypes(NameLookup.java:1418)
	at org.eclipse.jdt.internal.core.NameLookup.seekTypes(NameLookup.java:1348)
	at org.eclipse.jdt.internal.core.SearchableEnvironment.findTypes(SearchableEnvironment.java:964)
	at org.eclipse.jdt.internal.core.SearchableEnvironment.findTypes(SearchableEnvironment.java:766)
	at org.eclipse.jdt.internal.core.SearchableEnvironment.findTypes(SearchableEnvironment.java:592)
	at org.eclipse.jdt.internal.core.SearchableEnvironment.findTypes(SearchableEnvironment.java:571)
	at org.eclipse.jdt.internal.codeassist.SelectionEngine.select(SelectionEngine.java:1048)
	at org.eclipse.jdt.internal.core.Openable.codeSelect(Openable.java:167)
	at org.eclipse.jdt.internal.core.CompilationUnit.codeSelect(CompilationUnit.java:471)
	at org.eclipse.jdt.internal.core.CompilationUnit.codeSelect(CompilationUnit.java:461)
	at org.eclipse.jdt.internal.ui.text.java.hover.AbstractJavaEditorTextHover.getJavaElementsAt(AbstractJavaEditorTextHover.java:122)
	at org.eclipse.jdt.internal.ui.text.java.hover.JavadocHover.lambda$0(JavadocHover.java:713)
	at org.eclipse.jdt.internal.core.JavaModelManager.cacheZipFiles(JavaModelManager.java:5694)
	at org.eclipse.jdt.internal.core.JavaModelManager.callReadOnly(JavaModelManager.java:5683)
	at org.eclipse.jdt.core.JavaCore.callReadOnly(JavaCore.java:6150)
	at org.eclipse.jdt.internal.ui.text.java.hover.JavadocHover.internalGetHoverInfo(JavadocHover.java:713)
	at org.eclipse.jdt.internal.ui.text.java.hover.JavadocHover.getHoverInfo2(JavadocHover.java:709)
	at org.eclipse.jdt.internal.ui.text.java.hover.BestMatchHover.getHoverInfo2(BestMatchHover.java:163)
	at org.eclipse.jdt.internal.ui.text.java.hover.BestMatchHover.getHoverInfo2(BestMatchHover.java:130)
	at org.eclipse.jdt.internal.ui.text.java.hover.JavaEditorTextHoverProxy.getHoverInfo2(JavaEditorTextHoverProxy.java:89)
	at org.eclipse.jface.text.TextViewerHoverManager$1.run(TextViewerHoverManager.java:155)
	Suppressed: java.lang.Throwable: Source line 69 :
-----
	
	public void isMoveValid(int x, int y, int player) {
		if (player==1) {
			int other = 2;
		}
		else {
			int other = 1;
		}
	    for (int dx = -1; dx <= 1; dx++) {
	        for (int dy = -1; dy <= 1; dy++) {
	            if (dx == 0 && dy == 0) continue; //skip |the current square
-----
		at org.eclipse.jdt.internal.ui.util.SelectionUtil.logException(SelectionUtil.java:150)
		at org.eclipse.jdt.internal.ui.text.java.hover.AbstractJavaEditorTextHover.getJavaElementsAt(AbstractJavaEditorTextHover.java:124)
		... 10 more
!SESSION 2025-03-25 10:44:43.907 -----------------------------------------------
eclipse.buildId=4.34.0.20241128-0756
java.version=23.0.1
java.vendor=Eclipse Adoptium
BootLoader constants: OS=win32, ARCH=x86_64, WS=win32, NL=en_GB
Framework arguments:  -product org.eclipse.epp.package.java.product
Command-line arguments:  -os win32 -ws win32 -arch x86_64 -product org.eclipse.epp.package.java.product

!ENTRY ch.qos.logback.classic 1 0 2025-03-25 10:44:46.501
!MESSAGE Activated before the state location was initialized. Retry after the state location is initialized.

!ENTRY org.eclipse.core.resources 2 10035 2025-03-25 10:44:50.242
!MESSAGE The workspace exited with unsaved changes in the previous session; refreshing workspace to recover changes.

!ENTRY ch.qos.logback.classic 1 0 2025-03-25 10:44:51.053
!MESSAGE Logback config file: C:\Users\saphi\OneDrive\comp_sci_year_1\term_2\programming\GIT_COMP1009JAVA\cw2cd\.metadata\.plugins\org.eclipse.m2e.logback\logback.2.7.0.20241001-1350.xml

!ENTRY org.eclipse.egit.ui 2 0 2025-03-25 10:44:56.862
!MESSAGE Warning: The environment variable HOME is not set. The following directory will be used to store the Git
user global configuration and to define the default location to store repositories: 'C:\Users\saphi'. If this is
not correct please set the HOME environment variable and restart Eclipse. Otherwise Git for Windows and
EGit might behave differently since they see different configuration options.
This warning can be switched off on the Team > Git > Confirmations and Warnings preference page.
!SESSION 2025-04-12 14:30:48.752 -----------------------------------------------
eclipse.buildId=4.34.0.20241128-0756
java.version=23.0.1
java.vendor=Eclipse Adoptium
BootLoader constants: OS=win32, ARCH=x86_64, WS=win32, NL=en_GB
Framework arguments:  -product org.eclipse.epp.package.java.product
Command-line arguments:  -os win32 -ws win32 -arch x86_64 -product org.eclipse.epp.package.java.product

!ENTRY ch.qos.logback.classic 1 0 2025-04-12 14:30:51.300
!MESSAGE Activated before the state location was initialized. Retry after the state location is initialized.

!ENTRY ch.qos.logback.classic 1 0 2025-04-12 14:47:49.792
!MESSAGE Logback config file: C:\Users\saphi\OneDrive\comp_sci_year_1\term_2\programming\GIT_COMP1009JAVA\cw2cd\.metadata\.plugins\org.eclipse.m2e.logback\logback.2.7.0.20241001-1350.xml

!ENTRY org.eclipse.egit.ui 2 0 2025-04-12 14:47:58.145
!MESSAGE Warning: The environment variable HOME is not set. The following directory will be used to store the Git
user global configuration and to define the default location to store repositories: 'C:\Users\saphi'. If this is
not correct please set the HOME environment variable and restart Eclipse. Otherwise Git for Windows and
EGit might behave differently since they see different configuration options.
This warning can be switched off on the Team > Git > Confirmations and Warnings preference page.

!ENTRY org.eclipse.jdt.ui 4 0 2025-04-12 16:13:24.950
!MESSAGE OperationCanceledException computing hover information in ReversiController.java at offset 3339
!STACK 0
org.eclipse.core.runtime.OperationCanceledException
	at org.eclipse.jdt.internal.core.AbstractClassFile.getClassFileContent(AbstractClassFile.java:239)
	at org.eclipse.jdt.internal.core.ClassFile.getJarBinaryTypeInfo(ClassFile.java:225)
	at org.eclipse.jdt.internal.core.ClassFile.getBinaryTypeInfo(ClassFile.java:186)
	at org.eclipse.jdt.internal.core.ClassFile.buildStructure(ClassFile.java:78)
	at org.eclipse.jdt.internal.core.Openable.generateInfos(Openable.java:246)
	at org.eclipse.jdt.internal.core.SourceRefElement.generateInfos(SourceRefElement.java:127)
	at org.eclipse.jdt.internal.core.JavaElement.openWhenClosed(JavaElement.java:569)
	at org.eclipse.jdt.internal.core.BinaryType.getElementInfo(BinaryType.java:292)
	at org.eclipse.jdt.internal.core.JavaElement.getElementInfo(JavaElement.java:278)
	at org.eclipse.jdt.internal.core.BinaryType.getElementInfo(BinaryType.java:1142)
	at org.eclipse.jdt.internal.core.BinaryType.getFlags(BinaryType.java:357)
	at org.eclipse.jdt.internal.core.SearchableEnvironmentRequestor.acceptType(SearchableEnvironmentRequestor.java:127)
	at org.eclipse.jdt.internal.core.NameLookup.seekTypesInBinaryPackage(NameLookup.java:1510)
	at org.eclipse.jdt.internal.core.NameLookup.seekTypes(NameLookup.java:1442)
	at org.eclipse.jdt.internal.core.NameLookup.seekTypes(NameLookup.java:1348)
	at org.eclipse.jdt.internal.core.NameLookup.findAllTypes(NameLookup.java:422)
	at org.eclipse.jdt.internal.core.NameLookup.seekTypes(NameLookup.java:1418)
	at org.eclipse.jdt.internal.core.NameLookup.seekTypes(NameLookup.java:1348)
	at org.eclipse.jdt.internal.core.SearchableEnvironment.findTypes(SearchableEnvironment.java:964)
	at org.eclipse.jdt.internal.core.SearchableEnvironment.findTypes(SearchableEnvironment.java:766)
	at org.eclipse.jdt.internal.core.SearchableEnvironment.findTypes(SearchableEnvironment.java:592)
	at org.eclipse.jdt.internal.core.SearchableEnvironment.findTypes(SearchableEnvironment.java:571)
	at org.eclipse.jdt.internal.codeassist.SelectionEngine.select(SelectionEngine.java:1048)
	at org.eclipse.jdt.internal.core.Openable.codeSelect(Openable.java:167)
	at org.eclipse.jdt.internal.core.CompilationUnit.codeSelect(CompilationUnit.java:471)
	at org.eclipse.jdt.internal.core.CompilationUnit.codeSelect(CompilationUnit.java:461)
	at org.eclipse.jdt.internal.ui.text.java.hover.AbstractJavaEditorTextHover.getJavaElementsAt(AbstractJavaEditorTextHover.java:122)
	at org.eclipse.jdt.internal.ui.text.java.hover.JavadocHover.lambda$0(JavadocHover.java:713)
	at org.eclipse.jdt.internal.core.JavaModelManager.cacheZipFiles(JavaModelManager.java:5694)
	at org.eclipse.jdt.internal.core.JavaModelManager.callReadOnly(JavaModelManager.java:5683)
	at org.eclipse.jdt.core.JavaCore.callReadOnly(JavaCore.java:6150)
	at org.eclipse.jdt.internal.ui.text.java.hover.JavadocHover.internalGetHoverInfo(JavadocHover.java:713)
	at org.eclipse.jdt.internal.ui.text.java.hover.JavadocHover.getHoverInfo2(JavadocHover.java:709)
	at org.eclipse.jdt.internal.ui.text.java.hover.BestMatchHover.getHoverInfo2(BestMatchHover.java:163)
	at org.eclipse.jdt.internal.ui.text.java.hover.BestMatchHover.getHoverInfo2(BestMatchHover.java:130)
	at org.eclipse.jdt.internal.ui.text.java.hover.JavaEditorTextHoverProxy.getHoverInfo2(JavaEditorTextHoverProxy.java:89)
	at org.eclipse.jface.text.TextViewerHoverManager$1.run(TextViewerHoverManager.java:155)
	Suppressed: java.lang.Throwable: Source line 115 :
-----
	            int cx = x + dx;//add horizontal movement to tile
	            int cy = y + dy;//add vertical movement to tile
	            
	            boolean opponent = false;//boolean to register if we have encountered other player tile
	            while (cx >= 0 && cx < 8 && cy >= 0 && cy < 8) {//keep moving in this direction until end of board
	                int piece = model.getBoardContents(cx, cy);//current tile contents
	                
	                if (piece == other) {//detected opponent tile
	                    opponent = true;
	                } 
	                else if (piece == player) {//if |tile 
-----
		at org.eclipse.jdt.internal.ui.util.SelectionUtil.logException(SelectionUtil.java:150)
		at org.eclipse.jdt.internal.ui.text.java.hover.AbstractJavaEditorTextHover.getJavaElementsAt(AbstractJavaEditorTextHover.java:124)
		... 10 more

!ENTRY org.eclipse.jdt.ui 4 0 2025-04-12 16:32:31.519
!MESSAGE OperationCanceledException computing hover information in ReversiController.java at offset 5713
!STACK 0
org.eclipse.core.runtime.OperationCanceledException
	at org.eclipse.jdt.internal.core.AbstractClassFile.getClassFileContent(AbstractClassFile.java:239)
	at org.eclipse.jdt.internal.core.ClassFile.getJarBinaryTypeInfo(ClassFile.java:225)
	at org.eclipse.jdt.internal.core.ClassFile.getBinaryTypeInfo(ClassFile.java:186)
	at org.eclipse.jdt.internal.core.ClassFile.buildStructure(ClassFile.java:78)
	at org.eclipse.jdt.internal.core.Openable.generateInfos(Openable.java:246)
	at org.eclipse.jdt.internal.core.SourceRefElement.generateInfos(SourceRefElement.java:127)
	at org.eclipse.jdt.internal.core.JavaElement.openWhenClosed(JavaElement.java:569)
	at org.eclipse.jdt.internal.core.BinaryType.getElementInfo(BinaryType.java:292)
	at org.eclipse.jdt.internal.core.JavaElement.getElementInfo(JavaElement.java:278)
	at org.eclipse.jdt.internal.core.BinaryType.getElementInfo(BinaryType.java:1142)
	at org.eclipse.jdt.internal.core.BinaryType.getFlags(BinaryType.java:357)
	at org.eclipse.jdt.internal.core.SearchableEnvironmentRequestor.acceptType(SearchableEnvironmentRequestor.java:127)
	at org.eclipse.jdt.internal.core.NameLookup.seekTypesInBinaryPackage(NameLookup.java:1510)
	at org.eclipse.jdt.internal.core.NameLookup.seekTypes(NameLookup.java:1442)
	at org.eclipse.jdt.internal.core.NameLookup.seekTypes(NameLookup.java:1348)
	at org.eclipse.jdt.internal.core.NameLookup.findAllTypes(NameLookup.java:422)
	at org.eclipse.jdt.internal.core.NameLookup.seekTypes(NameLookup.java:1418)
	at org.eclipse.jdt.internal.core.NameLookup.seekTypes(NameLookup.java:1348)
	at org.eclipse.jdt.internal.core.SearchableEnvironment.findTypes(SearchableEnvironment.java:964)
	at org.eclipse.jdt.internal.core.SearchableEnvironment.findTypes(SearchableEnvironment.java:766)
	at org.eclipse.jdt.internal.core.SearchableEnvironment.findTypes(SearchableEnvironment.java:592)
	at org.eclipse.jdt.internal.core.SearchableEnvironment.findTypes(SearchableEnvironment.java:571)
	at org.eclipse.jdt.internal.codeassist.SelectionEngine.select(SelectionEngine.java:1048)
	at org.eclipse.jdt.internal.core.Openable.codeSelect(Openable.java:167)
	at org.eclipse.jdt.internal.core.CompilationUnit.codeSelect(CompilationUnit.java:471)
	at org.eclipse.jdt.internal.core.CompilationUnit.codeSelect(CompilationUnit.java:461)
	at org.eclipse.jdt.internal.ui.text.java.hover.AbstractJavaEditorTextHover.getJavaElementsAt(AbstractJavaEditorTextHover.java:122)
	at org.eclipse.jdt.internal.ui.text.java.hover.JavadocHover.lambda$0(JavadocHover.java:713)
	at org.eclipse.jdt.internal.core.JavaModelManager.cacheZipFiles(JavaModelManager.java:5694)
	at org.eclipse.jdt.internal.core.JavaModelManager.callReadOnly(JavaModelManager.java:5683)
	at org.eclipse.jdt.core.JavaCore.callReadOnly(JavaCore.java:6150)
	at org.eclipse.jdt.internal.ui.text.java.hover.JavadocHover.internalGetHoverInfo(JavadocHover.java:713)
	at org.eclipse.jdt.internal.ui.text.java.hover.JavadocHover.getHoverInfo2(JavadocHover.java:709)
	at org.eclipse.jdt.internal.ui.text.java.hover.BestMatchHover.getHoverInfo2(BestMatchHover.java:163)
	at org.eclipse.jdt.internal.ui.text.java.hover.BestMatchHover.getHoverInfo2(BestMatchHover.java:130)
	at org.eclipse.jdt.internal.ui.text.java.hover.JavaEditorTextHoverProxy.getHoverInfo2(JavaEditorTextHoverProxy.java:89)
	at org.eclipse.jface.text.TextViewerHoverManager$1.run(TextViewerHoverManager.java:155)
	Suppressed: java.lang.Throwable: Source line 162 :
-----
	            
	            boolean opponent = false;//boolean to register if we have encountered other player tile
	            
	            int tiles= 0;//how many tiles moved in current direction
	            
	            while (current_x_direction >= 0 && current_x_direction < 8 && current_y_direction >= 0 && current_y_direction < 8) {//keep moving in this direction until end of board
	                int piece = model.getBoardContents(current_x_direction, current_y_direction);//current tile contents
	                
	                if (piece == p) {//detected opponent tile
	                    opponent = true;
		                //|increment
-----
		at org.eclipse.jdt.internal.ui.util.SelectionUtil.logException(SelectionUtil.java:150)
		at org.eclipse.jdt.internal.ui.text.java.hover.AbstractJavaEditorTextHover.getJavaElementsAt(AbstractJavaEditorTextHover.java:124)
		... 10 more
!SESSION 2025-04-14 15:40:06.334 -----------------------------------------------
eclipse.buildId=4.34.0.20241128-0756
java.version=23.0.1
java.vendor=Eclipse Adoptium
BootLoader constants: OS=win32, ARCH=x86_64, WS=win32, NL=en_GB
Framework arguments:  -product org.eclipse.epp.package.java.product
Command-line arguments:  -os win32 -ws win32 -arch x86_64 -product org.eclipse.epp.package.java.product

!ENTRY ch.qos.logback.classic 1 0 2025-04-14 15:40:09.729
!MESSAGE Activated before the state location was initialized. Retry after the state location is initialized.

!ENTRY ch.qos.logback.classic 1 0 2025-04-14 15:40:14.020
!MESSAGE Logback config file: C:\Users\saphi\OneDrive\comp_sci_year_1\term_2\programming\GIT_COMP1009JAVA\cw2cd\.metadata\.plugins\org.eclipse.m2e.logback\logback.2.7.0.20241001-1350.xml

!ENTRY org.eclipse.egit.ui 2 0 2025-04-14 15:40:21.858
!MESSAGE Warning: The environment variable HOME is not set. The following directory will be used to store the Git
user global configuration and to define the default location to store repositories: 'C:\Users\saphi'. If this is
not correct please set the HOME environment variable and restart Eclipse. Otherwise Git for Windows and
EGit might behave differently since they see different configuration options.
This warning can be switched off on the Team > Git > Confirmations and Warnings preference page.

!ENTRY org.eclipse.jdt.ui 4 0 2025-04-14 15:49:39.851
!MESSAGE OperationCanceledException computing hover information in ReversiController.java at offset 8828
!STACK 0
org.eclipse.core.runtime.OperationCanceledException
	at org.eclipse.jdt.internal.core.AbstractClassFile.getClassFileContent(AbstractClassFile.java:239)
	at org.eclipse.jdt.internal.core.ClassFile.getJarBinaryTypeInfo(ClassFile.java:225)
	at org.eclipse.jdt.internal.core.ClassFile.getBinaryTypeInfo(ClassFile.java:186)
	at org.eclipse.jdt.internal.core.ClassFile.buildStructure(ClassFile.java:78)
	at org.eclipse.jdt.internal.core.Openable.generateInfos(Openable.java:246)
	at org.eclipse.jdt.internal.core.SourceRefElement.generateInfos(SourceRefElement.java:127)
	at org.eclipse.jdt.internal.core.JavaElement.openWhenClosed(JavaElement.java:569)
	at org.eclipse.jdt.internal.core.BinaryType.getElementInfo(BinaryType.java:292)
	at org.eclipse.jdt.internal.core.JavaElement.getElementInfo(JavaElement.java:278)
	at org.eclipse.jdt.internal.core.BinaryType.getElementInfo(BinaryType.java:1142)
	at org.eclipse.jdt.internal.core.BinaryType.getFlags(BinaryType.java:357)
	at org.eclipse.jdt.internal.core.SearchableEnvironmentRequestor.acceptType(SearchableEnvironmentRequestor.java:127)
	at org.eclipse.jdt.internal.core.NameLookup.seekTypesInBinaryPackage(NameLookup.java:1510)
	at org.eclipse.jdt.internal.core.NameLookup.seekTypes(NameLookup.java:1442)
	at org.eclipse.jdt.internal.core.NameLookup.seekTypes(NameLookup.java:1348)
	at org.eclipse.jdt.internal.core.NameLookup.findAllTypes(NameLookup.java:422)
	at org.eclipse.jdt.internal.core.NameLookup.seekTypes(NameLookup.java:1418)
	at org.eclipse.jdt.internal.core.NameLookup.seekTypes(NameLookup.java:1348)
	at org.eclipse.jdt.internal.core.SearchableEnvironment.findTypes(SearchableEnvironment.java:964)
	at org.eclipse.jdt.internal.core.SearchableEnvironment.findTypes(SearchableEnvironment.java:766)
	at org.eclipse.jdt.internal.core.SearchableEnvironment.findTypes(SearchableEnvironment.java:592)
	at org.eclipse.jdt.internal.core.SearchableEnvironment.findTypes(SearchableEnvironment.java:571)
	at org.eclipse.jdt.internal.codeassist.SelectionEngine.select(SelectionEngine.java:1048)
	at org.eclipse.jdt.internal.core.Openable.codeSelect(Openable.java:167)
	at org.eclipse.jdt.internal.core.CompilationUnit.codeSelect(CompilationUnit.java:471)
	at org.eclipse.jdt.internal.core.CompilationUnit.codeSelect(CompilationUnit.java:461)
	at org.eclipse.jdt.internal.ui.text.java.hover.AbstractJavaEditorTextHover.getJavaElementsAt(AbstractJavaEditorTextHover.java:122)
	at org.eclipse.jdt.internal.ui.text.java.hover.JavadocHover.lambda$0(JavadocHover.java:713)
	at org.eclipse.jdt.internal.core.JavaModelManager.cacheZipFiles(JavaModelManager.java:5694)
	at org.eclipse.jdt.internal.core.JavaModelManager.callReadOnly(JavaModelManager.java:5683)
	at org.eclipse.jdt.core.JavaCore.callReadOnly(JavaCore.java:6150)
	at org.eclipse.jdt.internal.ui.text.java.hover.JavadocHover.internalGetHoverInfo(JavadocHover.java:713)
	at org.eclipse.jdt.internal.ui.text.java.hover.JavadocHover.getHoverInfo2(JavadocHover.java:709)
	at org.eclipse.jdt.internal.ui.text.java.hover.BestMatchHover.getHoverInfo2(BestMatchHover.java:163)
	at org.eclipse.jdt.internal.ui.text.java.hover.BestMatchHover.getHoverInfo2(BestMatchHover.java:130)
	at org.eclipse.jdt.internal.ui.text.java.hover.JavaEditorTextHoverProxy.getHoverInfo2(JavaEditorTextHoverProxy.java:89)
	at org.eclipse.jface.text.TextViewerHoverManager$1.run(TextViewerHoverManager.java:155)
	Suppressed: java.lang.Throwable: Source line 269 :
-----
		int movex = -1;
		int movey = -1;
		int other = otherPlayer(player);
		boolean movefound = false;
		for (int y = 0;y < 8;y++) {
			for (int x = 0;x < 8;x++) {				
				//if empty tile and move takes more than prev move stored
				if (model.getBoardContents(x,y)==0) {
					int newmove = isMoveValid(x,y,player);
					if (newmove > bestmove) {
						//bestmove=isMoveValid(|x,y,player);
-----
		at org.eclipse.jdt.internal.ui.util.SelectionUtil.logException(SelectionUtil.java:150)
		at org.eclipse.jdt.internal.ui.text.java.hover.AbstractJavaEditorTextHover.getJavaElementsAt(AbstractJavaEditorTextHover.java:124)
		... 10 more
